#
# A fatal error has been detected by the Java Runtime Environment:
#
#  EXCEPTION_ACCESS_VIOLATION (0xc0000005) at pc=0x0000000066b1ff78, pid=6196, tid=13112
#
# JRE version: Java(TM) SE Runtime Environment (22.0.2+9) (build 22.0.2+9-70)
# Java VM: Java HotSpot(TM) 64-Bit Server VM (22.0.2+9-70, mixed mode, sharing, tiered, compressed oops, compressed class ptrs, g1 gc, windows-amd64)
# Problematic frame:
# C  [gdx-box2d64.dll+0x1ff78]
#
# No core dump will be written. Minidumps are not enabled by default on client versions of Windows
#
# If you would like to submit a bug report, please visit:
#   https://bugreport.java.com/bugreport/crash.jsp
# The crash happened outside the Java Virtual Machine in native code.
# See problematic frame for where to report the bug.
#

---------------  S U M M A R Y ------------

Command Line: -Dfile.encoding=UTF-8 -Duser.country=US -Duser.language=en -Duser.variant io.github.some_example_name.lwjgl3.Lwjgl3Launcher

Host: Intel(R) Core(TM) i5-8250U CPU @ 1.60GHz, 8 cores, 7G,  Windows 10 , 64 bit Build 19041 (10.0.19041.5072)
Time: Tue Nov 26 01:48:54 2024 India Standard Time elapsed time: 44.858659 seconds (0d 0h 0m 44s)

---------------  T H R E A D  ---------------

Current thread (0x000002a99b428170):  JavaThread "main"             [_thread_in_native, id=13112, stack(0x000000f5ab100000,0x000000f5ab200000) (1024K)]

Stack: [0x000000f5ab100000,0x000000f5ab200000],  sp=0x000000f5ab1ff320,  free space=1020k
Native frames: (J=compiled Java code, j=interpreted, Vv=VM code, C=native code)
C  [gdx-box2d64.dll+0x1ff78]  (no source info available)
C  [gdx-box2d64.dll+0x26620]  (no source info available)
C  0x000002a9acefcfc7  (no source info available)

The last pc belongs to native method entry point (kind = native) (printed below).
Java frames: (J=compiled Java code, j=interpreted, Vv=VM code)
j  com.badlogic.gdx.physics.box2d.World.jniDispose(J)V+0
j  com.badlogic.gdx.physics.box2d.World.dispose()V+5
j  io.github.some_example_name.Level_1.dispose()V+4
j  io.github.some_example_name.Main.dispose()V+74
j  com.badlogic.gdx.backends.lwjgl3.Lwjgl3Window.dispose()V+13
j  com.badlogic.gdx.backends.lwjgl3.Lwjgl3Application.loop()V+408
j  com.badlogic.gdx.backends.lwjgl3.Lwjgl3Application.<init>(Lcom/badlogic/gdx/ApplicationListener;Lcom/badlogic/gdx/backends/lwjgl3/Lwjgl3ApplicationConfiguration;)V+269
j  io.github.some_example_name.lwjgl3.Lwjgl3Launcher.createApplication()Lcom/badlogic/gdx/backends/lwjgl3/Lwjgl3Application;+14
j  io.github.some_example_name.lwjgl3.Lwjgl3Launcher.main([Ljava/lang/String;)V+7
v  ~StubRoutines::call_stub 0x000002a9acef100d

siginfo: EXCEPTION_ACCESS_VIOLATION (0xc0000005), reading address 0x000002a98108f490


Registers:
RAX=0x0000000066b26600, RBX=0x000002a9fb7780e8, RCX=0x000002a981076170, RDX=0x000000f5ab1ff448
RSP=0x000000f5ab1ff320, RBP=0x000000f5ab1ff418, RSI=0x0000000000000000, RDI=0x0000000000000000
R8 =0x000002a981076170, R9 =0x00000000000000dc, R10=0x000002a9acefcf98, R11=0x0000000000000102
R12=0x000002a981076170, R13=0x000002a9fb7780e8, R14=0x000000f5ab1ff448, R15=0x000002a99b428170
RIP=0x0000000066b1ff78, EFLAGS=0x0000000000010202


Register to memory mapping:

RAX=0x0000000066b26600 gdx-box2d64.dll
RBX={method} {0x000002a9fb7780f0} 'jniDispose' '(J)V' in 'com/badlogic/gdx/physics/box2d/World'
RCX=0x000002a981076170 points into unknown readable memory: 0x000002a98100fd40 | 40 fd 00 81 a9 02 00 00
RDX=0x000000f5ab1ff448 is pointing into the stack for thread: 0x000002a99b428170
RSP=0x000000f5ab1ff320 is pointing into the stack for thread: 0x000002a99b428170
RBP=0x000000f5ab1ff418 is pointing into the stack for thread: 0x000002a99b428170
RSI=0x0 is null
RDI=0x0 is null
R8 =0x000002a981076170 points into unknown readable memory: 0x000002a98100fd40 | 40 fd 00 81 a9 02 00 00
R9 =0x00000000000000dc is an unknown value
R10=0x000002a9acefcf98 is at code_begin+1016 in an Interpreter codelet
native method entry point (kind = native)  [0x000002a9acefcba0, 0x000002a9acefd6c0]  2848 bytes
R11=0x0000000000000102 is an unknown value
R12=0x000002a981076170 points into unknown readable memory: 0x000002a98100fd40 | 40 fd 00 81 a9 02 00 00
R13={method} {0x000002a9fb7780f0} 'jniDispose' '(J)V' in 'com/badlogic/gdx/physics/box2d/World'
R14=0x000000f5ab1ff448 is pointing into the stack for thread: 0x000002a99b428170
R15=0x000002a99b428170 is a thread

Top of Stack: (sp=0x000000f5ab1ff320)
0x000000f5ab1ff320:   00000000000003d8 000002a99b428bc8
0x000000f5ab1ff330:   0000000000000000 0000000000000000
0x000000f5ab1ff340:   000002a9fb7780e8 0000000000000000
0x000000f5ab1ff350:   000002a981076170 0000000066b26620
0x000000f5ab1ff360:   000002a9fb52bf30 0000000000000000
0x000000f5ab1ff370:   000000008908b7d8 000002a9fb5296e0
0x000000f5ab1ff380:   0000000000000000 000002a9acefcfc7
0x000000f5ab1ff390:   000000f5ab1ff408 000002a9acef8a5a
0x000000f5ab1ff3a0:   0000000088849370 00000000887758e8
0x000000f5ab1ff3b0:   0000000000000000 0000000088849370
0x000000f5ab1ff3c0:   fffffffffffffff7 000002a9fb5294c0
0x000000f5ab1ff3d0:   fffffffffffffff7 0000000000000000
0x000000f5ab1ff3e0:   0000000000000006 000002a9fb789bb0
0x000000f5ab1ff3f0:   0000000000000000 00000000887f5f18
0x000000f5ab1ff400:   000002a9fb7780e8 0000000000000000
0x000000f5ab1ff410:   000000f5ab1ff438 000000f5ab1ff498
0x000000f5ab1ff420:   000002a9acef88c0 0000000000000000
0x000000f5ab1ff430:   000002a9acefa517 000002a981076170
0x000000f5ab1ff440:   0000000000000000 0000000088625360
0x000000f5ab1ff450:   fffffffffffffff7 000002a9fb77803d
0x000000f5ab1ff460:   0000000000000002 000002a9fb789bb0
0x000000f5ab1ff470:   0000000000000000 00000000887f5f18
0x000000f5ab1ff480:   000002a9fb778058 fffffffffffffff4
0x000000f5ab1ff490:   000000f5ab1ff4a8 000000f5ab1ff4f8
0x000000f5ab1ff4a0:   000002a9acef88c0 0000000088625360
0x000000f5ab1ff4b0:   fffffffffffffff7 000002a9fb76df2c
0x000000f5ab1ff4c0:   0000000000000002 000002a9fb771dc8
0x000000f5ab1ff4d0:   000002a9fb7ded80 0000000088876e28
0x000000f5ab1ff4e0:   000002a9fb76dfb8 fffffffffffffff6
0x000000f5ab1ff4f0:   000000f5ab1ff508 000000f5ab1ff558
0x000000f5ab1ff500:   000002a9acef88c0 0000000088881fa8
0x000000f5ab1ff510:   fffffffffffffff7 000002a9fb41b75a 

Instructions: (pc=0x0000000066b1ff78)
0x0000000066b1fe78:   80 00 00 00 4c 89 e9 e8 4c b8 fe ff 49 8d 8c 24
0x0000000066b1fe88:   a0 92 01 00 e8 2f e3 ff ff 48 8b 03 49 c7 84 24
0x0000000066b1fe98:   20 93 01 00 00 00 00 00 49 c7 84 24 28 93 01 00
0x0000000066b1fea8:   00 00 00 00 49 89 84 24 38 93 01 00 48 b8 00 00
0x0000000066b1feb8:   00 00 01 01 00 01 49 c7 84 24 30 93 01 00 00 00
0x0000000066b1fec8:   00 00 41 c6 84 24 40 93 01 00 01 41 c7 84 24 98
0x0000000066b1fed8:   92 01 00 04 00 00 00 49 c7 84 24 48 93 01 00 00
0x0000000066b1fee8:   00 00 00 49 c7 84 24 50 93 01 00 00 00 00 00 49
0x0000000066b1fef8:   89 84 24 58 93 01 00 4d 89 a4 24 18 93 01 00 49
0x0000000066b1ff08:   c7 84 24 60 93 01 00 00 00 00 00 49 c7 84 24 68
0x0000000066b1ff18:   93 01 00 00 00 00 00 49 c7 84 24 70 93 01 00 00
0x0000000066b1ff28:   00 00 00 49 c7 84 24 78 93 01 00 00 00 00 00 48
0x0000000066b1ff38:   83 c4 20 5b 41 5c 41 5d c3 49 89 c5 4c 89 e1 e8
0x0000000066b1ff48:   24 ae fe ff 4c 89 e9 e8 7c 37 01 00 48 89 c3 4c
0x0000000066b1ff58:   89 e9 e8 91 b7 fe ff 49 89 dd eb e0 66 66 2e 0f
0x0000000066b1ff68:   1f 84 00 00 00 00 00 90 41 54 56 53 48 83 ec 20
0x0000000066b1ff78:   48 8b b1 20 93 01 00 49 89 cc 48 85 f6 74 39 48
0x0000000066b1ff88:   89 f0 48 8b 76 68 48 8b 58 70 48 85 db 74 eb 66
0x0000000066b1ff98:   0f 1f 84 00 00 00 00 00 48 89 d9 48 8b 5b 08 4c
0x0000000066b1ffa8:   89 e2 c7 41 30 00 00 00 00 e8 5a e8 ff ff 48 85
0x0000000066b1ffb8:   db 75 e5 48 85 f6 75 c7 49 8d 8c 24 a0 92 01 00
0x0000000066b1ffc8:   e8 93 35 fe ff 49 8d 8c 24 80 00 00 00 e8 16 b7
0x0000000066b1ffd8:   fe ff 4c 89 e1 48 83 c4 20 5b 5e 41 5c e9 86 ad
0x0000000066b1ffe8:   fe ff 66 0f 1f 44 00 00 48 89 91 48 93 01 00 c3
0x0000000066b1fff8:   0f 1f 84 00 00 00 00 00 48 89 91 08 93 01 00 c3
0x0000000066b20008:   0f 1f 84 00 00 00 00 00 48 89 91 10 93 01 00 c3
0x0000000066b20018:   0f 1f 84 00 00 00 00 00 48 89 91 50 93 01 00 c3
0x0000000066b20028:   0f 1f 84 00 00 00 00 00 41 55 41 54 53 48 83 ec
0x0000000066b20038:   20 48 89 cb 49 89 d5 f6 81 98 92 01 00 02 75 58
0x0000000066b20048:   ba b8 00 00 00 48 89 d9 e8 6b ad fe ff 49 89 d8
0x0000000066b20058:   4c 89 ea 49 89 c4 48 89 c1 e8 4a cf ff ff 49 c7
0x0000000066b20068:   44 24 60 00 00 00 00 48 8b 83 20 93 01 00 49 89 


Stack slot to memory mapping:

stack at sp + 0 slots: 0x00000000000003d8 is an unknown value
stack at sp + 1 slots: 0x000002a99b428bc8 points into unknown readable memory: 0x0000148291d3ca5f | 5f ca d3 91 82 14 00 00
stack at sp + 2 slots: 0x0 is null
stack at sp + 3 slots: 0x0 is null
stack at sp + 4 slots: {method} {0x000002a9fb7780f0} 'jniDispose' '(J)V' in 'com/badlogic/gdx/physics/box2d/World'
stack at sp + 5 slots: 0x0 is null
stack at sp + 6 slots: 0x000002a981076170 points into unknown readable memory: 0x000002a98100fd40 | 40 fd 00 81 a9 02 00 00
stack at sp + 7 slots: 0x0000000066b26620 gdx-box2d64.dll

native method entry point (kind = native)  [0x000002a9acefcba0, 0x000002a9acefd6c0]  2848 bytes
[MachCode]
  0x000002a9acefcba0: 488b 4b08 | 0fb7 492e | 584c 8d74 | ccf8 6800 | 0000 0068 | 0000 0000 | 5055 488b | ec41 5568 
  0x000002a9acefcbc0: 0000 0000 | 4c8b 6b08 | 4d8d 6d38 | 5348 8b53 | 0848 8b52 | 0848 8b52 | 1848 8b52 | 7048 8b12 
  0x000002a9acefcbe0: 5248 8b53 | 1048 85d2 | 0f84 0700 | 0000 4881 | c210 0100 | 0052 488b | 5308 488b | 5208 488b 
  0x000002a9acefcc00: 5210 5249 | 8bc6 482b | c548 c1e8 | 0350 6800 | 0000 0068 | f7ff ffff | 41c6 8781 | 0400 0001 
  0x000002a9acefcc20: 488b 4310 | 4885 c074 | 208b 88cc | 0000 0083 | c102 8988 | cc00 0000 | 2388 e000 | 0000 0f84 
  0x000002a9acefcc40: cb09 0000 | e9cf 0000 | 0048 8b43 | 1848 85c0 | 0f85 b000 | 0000 e805 | 0000 00e9 | 9900 0000 
  0x000002a9acefcc60: 488b d348 | 8d44 2408 | 4c89 6dc0 | 498b cfc5 | f877 4989 | afb0 0300 | 0049 8987 | a003 0000 
  0x000002a9acefcc80: 4883 ec20 | 40f6 c40f | 0f84 1900 | 0000 4883 | ec08 48b8 | 00a7 9997 | fb7f 0000 | ffd0 4883 
  0x000002a9acefcca0: c408 e90c | 0000 0048 | b800 a799 | 97fb 7f00 | 00ff d048 | 83c4 2049 | c787 a003 | 0000 0000 
  0x000002a9acefccc0: 0000 49c7 | 87b0 0300 | 0000 0000 | 0049 c787 | a803 0000 | 0000 0000 | c5f8 7749 | 837f 0800 
  0x000002a9acefcce0: 0f84 0500 | 0000 e915 | 42ff ff4c | 8b6d c04c | 8b75 c84e | 8d74 f500 | c348 8b43 | 1848 85c0 
  0x000002a9acefcd00: 0f84 1200 | 0000 8b48 | 0883 c102 | 8948 0823 | 481c 0f84 | f708 0000 | 493b a7f0 | 0400 000f 
  0x000002a9acefcd20: 8748 0000 | 0089 8424 | 00f0 ffff | 8984 2400 | e0ff ff89 | 8424 00d0 | ffff 8984 | 2400 c0ff 
  0x000002a9acefcd40: ff89 8424 | 00b0 ffff | 8984 2400 | a0ff ff89 | 8424 0090 | ffff 8984 | 2400 80ff | ff49 3ba7 
  0x000002a9acefcd60: e804 0000 | 7607 4989 | a7f0 0400 | 0041 c687 | 8104 0000 | 0049 ba6c | 4020 98fb | 7f00 0041 
  0x000002a9acefcd80: 803a 000f | 843e 0000 | 0048 8b55 | e849 8bcf | 4883 ec20 | 40f6 c40f | 0f84 1900 | 0000 4883 
  0x000002a9acefcda0: ec08 48b8 | 80b9 d097 | fb7f 0000 | ffd0 4883 | c408 e90c | 0000 0048 | b880 b9d0 | 97fb 7f00 
  0x000002a9acefcdc0: 00ff d048 | 83c4 2048 | 8b5d e84c | 8b5b 0845 | 0fb7 5b2e | 41c1 e303 | 492b e348 | 83ec 2048 
  0x000002a9acefcde0: 83e4 f04c | 8b5b 604d | 85db 0f85 | ab00 0000 | e805 0000 | 00e9 9900 | 0000 488b | d348 8d44 
  0x000002a9acefce00: 2408 4c89 | 6dc0 498b | cfc5 f877 | 4989 afb0 | 0300 0049 | 8987 a003 | 0000 4883 | ec20 40f6 
  0x000002a9acefce20: c40f 0f84 | 1900 0000 | 4883 ec08 | 48b8 20ce | 9997 fb7f | 0000 ffd0 | 4883 c408 | e90c 0000 
  0x000002a9acefce40: 0048 b820 | ce99 97fb | 7f00 00ff | d048 83c4 | 2049 c787 | a003 0000 | 0000 0000 | 49c7 87b0 
  0x000002a9acefce60: 0300 0000 | 0000 0049 | c787 a803 | 0000 0000 | 0000 c5f8 | 7749 837f | 0800 0f84 | 0500 0000 
  0x000002a9acefce80: e97b 40ff | ff4c 8b6d | c04c 8b75 | c84e 8d74 | f500 c348 | 8b5d e84c | 8b5b 6041 | ffd3 488b 
  0x000002a9acefcea0: 5de8 4889 | 4518 448b | 5b28 41f6 | c308 0f84 | 1b00 0000 | 4c8b 5b08 | 4d8b 5b08 | 4d8b 5b18 
  0x000002a9acefcec0: 4d8b 5b70 | 4d8b 1b4c | 895d 1048 | 8d55 1048 | 8b43 5849 | ba80 10d1 | 97fb 7f00 | 0049 3bc2 
  0x000002a9acefcee0: 0f85 ab00 | 0000 e805 | 0000 00e9 | 9900 0000 | 488b d348 | 8d44 2408 | 4c89 6dc0 | 498b cfc5 
  0x000002a9acefcf00: f877 4989 | afb0 0300 | 0049 8987 | a003 0000 | 4883 ec20 | 40f6 c40f | 0f84 1900 | 0000 4883 
  0x000002a9acefcf20: ec08 48b8 | 20ce 9997 | fb7f 0000 | ffd0 4883 | c408 e90c | 0000 0048 | b820 ce99 | 97fb 7f00 
  0x000002a9acefcf40: 00ff d048 | 83c4 2049 | c787 a003 | 0000 0000 | 0000 49c7 | 87b0 0300 | 0000 0000 | 0049 c787 
  0x000002a9acefcf60: a803 0000 | 0000 0000 | c5f8 7749 | 837f 0800 | 0f84 0500 | 0000 e985 | 3fff ff4c | 8b6d c04c 
  0x000002a9acefcf80: 8b75 c84e | 8d74 f500 | c348 8b5d | e848 8b43 | 5849 8d8f | c003 0000 | c5f8 7749 | 89af b003 
  0x000002a9acefcfa0: 0000 49ba | 98cf efac | a902 0000 | 4d89 97a8 | 0300 0049 | 89a7 a003 | 0000 41c7 | 8754 0400 
  0x000002a9acefcfc0: 0004 0000 | 00ff d0c5 | f877 4883 | ec10 c5fb | 1104 2448 | 83ec 1048 | 8904 2448 | c744 2408 
  0x000002a9acefcfe0: 0000 0000 | 41c7 8754 | 0400 0005 | 0000 00f0 | 8344 24c0 | 0049 3baf | 5804 0000 | 0f87 0e00 
  0x000002a9acefd000: 0000 4183 | bf50 0400 | 0000 0f84 | 2000 0000 | 498b cf4c | 8be4 4883 | ec20 4883 | e4f0 48b8 
  0x000002a9acefd020: 4023 9b97 | fb7f 0000 | ffd0 498b | e44d 33e4 | 41c7 8754 | 0400 0008 | 0000 0049 | c787 a003 
  0x000002a9acefd040: 0000 0000 | 0000 49c7 | 87b0 0300 | 0000 0000 | 0049 c787 | a803 0000 | 0000 0000 | c5f8 774d 
  0x000002a9acefd060: 8b9f 3004 | 0000 41c7 | 8300 0100 | 0000 0000 | 0049 bb1a | a5ef aca9 | 0200 004c | 3b5d 180f 
  0x000002a9acefd080: 8524 0200 | 0048 8b04 | 2448 83c4 | 1048 85c0 | 0f84 fe01 | 0000 a803 | 0f85 0800 | 0000 488b 
  0x000002a9acefd0a0: 00e9 ee01 | 0000 a801 | 0f85 0900 | 0000 488b | 40fe e9dd | 0100 0048 | 8b40 ff41 | 807f 3800 
  0x000002a9acefd0c0: 0f84 ce01 | 0000 4883 | f800 0f84 | c401 0000 | 4d8b 5f28 | 4983 fb00 | 0f84 1400 | 0000 4983 
  0x000002a9acefd0e0: eb08 4d89 | 5f28 4d03 | 5f30 4989 | 03e9 a201 | 0000 4881 | ecd0 0000 | 0048 8904 | 2448 894c 
  0x000002a9acefd100: 2408 4889 | 5424 1048 | 8974 2418 | 4889 7c24 | 204c 8944 | 2428 4c89 | 4c24 304c | 8954 2438 
  0x000002a9acefd120: 4c89 5c24 | 40c5 fb11 | 4424 50c5 | fb11 4c24 | 58c5 fb11 | 5424 60c5 | fb11 5c24 | 68c5 fb11 
  0x000002a9acefd140: 6424 70c5 | fb11 6c24 | 78c5 fb11 | b424 8000 | 0000 c5fb | 11bc 2488 | 0000 00c5 | 7b11 8424 
  0x000002a9acefd160: 9000 0000 | c57b 118c | 2498 0000 | 00c5 7b11 | 9424 a000 | 0000 c57b | 119c 24a8 | 0000 00c5 
  0x000002a9acefd180: 7b11 a424 | b000 0000 | c57b 11ac | 24b8 0000 | 00c5 7b11 | b424 c000 | 0000 c57b | 11bc 24c8 
  0x000002a9acefd1a0: 0000 0049 | 8bd7 488b | c848 83ec | 2040 f6c4 | 0f0f 8419 | 0000 0048 | 83ec 0848 | b830 3f8e 
  0x000002a9acefd1c0: 97fb 7f00 | 00ff d048 | 83c4 08e9 | 0c00 0000 | 48b8 303f | 8e97 fb7f | 0000 ffd0 | 4883 c420 
  0x000002a9acefd1e0: c57b 10bc | 24c8 0000 | 00c5 7b10 | b424 c000 | 0000 c57b | 10ac 24b8 | 0000 00c5 | 7b10 a424 
  0x000002a9acefd200: b000 0000 | c57b 109c | 24a8 0000 | 00c5 7b10 | 9424 a000 | 0000 c57b | 108c 2498 | 0000 00c5 
  0x000002a9acefd220: 7b10 8424 | 9000 0000 | c5fb 10bc | 2488 0000 | 00c5 fb10 | b424 8000 | 0000 c5fb | 106c 2478 
  0x000002a9acefd240: c5fb 1064 | 2470 c5fb | 105c 2468 | c5fb 1054 | 2460 c5fb | 104c 2458 | c5fb 1044 | 2450 4c8b 
  0x000002a9acefd260: 5c24 404c | 8b54 2438 | 4c8b 4c24 | 304c 8b44 | 2428 488b | 7c24 2048 | 8b74 2418 | 488b 5424 
  0x000002a9acefd280: 1048 8b4c | 2408 488b | 0424 4881 | c4d0 0000 | 00c5 f877 | 4889 4510 | 4883 ec10 | 4889 0424 
  0x000002a9acefd2a0: 48c7 4424 | 0800 0000 | 0041 83bf | d004 0000 | 020f 85bf | 0000 0048 | 81ec 8000 | 0000 4889 
  0x000002a9acefd2c0: 4424 7848 | 894c 2470 | 4889 5424 | 6848 895c | 2460 4889 | 6c24 5048 | 8974 2448 | 4889 7c24 
  0x000002a9acefd2e0: 404c 8944 | 2438 4c89 | 4c24 304c | 8954 2428 | 4c89 5c24 | 204c 8964 | 2418 4c89 | 6c24 104c 
  0x000002a9acefd300: 8974 2408 | 4c89 3c24 | 4c8b e448 | 83ec 2048 | 83e4 f048 | b8d0 f1d0 | 97fb 7f00 | 00ff d049 
  0x000002a9acefd320: 8be4 4c8b | 3c24 4c8b | 7424 084c | 8b6c 2410 | 4c8b 6424 | 184c 8b5c | 2420 4c8b | 5424 284c 
  0x000002a9acefd340: 8b4c 2430 | 4c8b 4424 | 3848 8b7c | 2440 488b | 7424 4848 | 8b6c 2450 | 488b 5c24 | 6048 8b54 
  0x000002a9acefd360: 2468 488b | 4c24 7048 | 8b44 2478 | 4881 c480 | 0000 004d | 33e4 488b | 5de8 4c8b | 6b08 4d8d 
  0x000002a9acefd380: 6d38 4983 | 7f08 000f | 84bb 0000 | 00e8 0500 | 0000 e996 | 0000 0048 | 8d44 2408 | 4c89 6dc0 
  0x000002a9acefd3a0: 498b cfc5 | f877 4989 | afb0 0300 | 0049 8987 | a003 0000 | 4883 ec20 | 40f6 c40f | 0f84 1900 
  0x000002a9acefd3c0: 0000 4883 | ec08 48b8 | 60ec 9997 | fb7f 0000 | ffd0 4883 | c408 e90c | 0000 0048 | b860 ec99 
  0x000002a9acefd3e0: 97fb 7f00 | 00ff d048 | 83c4 2049 | c787 a003 | 0000 0000 | 0000 49c7 | 87b0 0300 | 0000 0000 
  0x000002a9acefd400: 0049 c787 | a803 0000 | 0000 0000 | c5f8 7749 | 837f 0800 | 0f84 0500 | 0000 e9e1 | 3aff ff4c 
  0x000002a9acefd420: 8b6d c04c | 8b75 c84e | 8d74 f500 | c348 b9c0 | 28f8 97fb | 7f00 0048 | 83e4 f048 | b830 99bf 
  0x000002a9acefd440: 97fb 7f00 | 00ff d0f4 | 448b 5b28 | 41f6 c320 | 0f84 4401 | 0000 488d | 55a8 4c8b | 5a08 4d85 
  0x000002a9acefd460: db0f 85bb | 0000 00e8 | 0500 0000 | e996 0000 | 0048 8d44 | 2408 4c89 | 6dc0 498b | cfc5 f877 
  0x000002a9acefd480: 4989 afb0 | 0300 0049 | 8987 a003 | 0000 4883 | ec20 40f6 | c40f 0f84 | 1900 0000 | 4883 ec08 
  0x000002a9acefd4a0: 48b8 90eb | 9997 fb7f | 0000 ffd0 | 4883 c408 | e90c 0000 | 0048 b890 | eb99 97fb | 7f00 00ff 
  0x000002a9acefd4c0: d048 83c4 | 2049 c787 | a003 0000 | 0000 0000 | 49c7 87b0 | 0300 0000 | 0000 0049 | c787 a803 
  0x000002a9acefd4e0: 0000 0000 | 0000 c5f8 | 7749 837f | 0800 0f84 | 0500 0000 | e907 3aff | ff4c 8b6d | c04c 8b75 
  0x000002a9acefd500: c84e 8d74 | f500 c348 | b9c0 28f8 | 97fb 7f00 | 0048 83e4 | f048 b830 | 99bf 97fb | 7f00 00ff 
  0x000002a9acefd520: d0f4 4c89 | 6dc0 488d | 024c 8b4a | 0848 c742 | 0800 0000 | 004c 8b00 | 4d85 c00f | 840b 0000 
  0x000002a9acefd540: 00f0 4d0f | b101 0f85 | 0c00 0000 | 49ff 8f58 | 0500 00e9 | 3e00 0000 | 4c89 4a08 | 488b ca48 
  0x000002a9acefd560: 83ec 2040 | f6c4 0f0f | 8419 0000 | 0048 83ec | 0848 b820 | be99 97fb | 7f00 00ff | d048 83c4 
  0x000002a9acefd580: 08e9 0c00 | 0000 48b8 | 20be 9997 | fb7f 0000 | ffd0 4883 | c420 4c8b | 6dc0 49ba | 6c40 2098 
  0x000002a9acefd5a0: fb7f 0000 | 4180 3a00 | 0f84 3e00 | 0000 488b | 55e8 498b | cf48 83ec | 2040 f6c4 | 0f0f 8419 
  0x000002a9acefd5c0: 0000 0048 | 83ec 0848 | b880 b9d0 | 97fb 7f00 | 00ff d048 | 83c4 08e9 | 0c00 0000 | 48b8 80b9 
  0x000002a9acefd5e0: d097 fb7f | 0000 ffd0 | 4883 c420 | 488b 0424 | 4883 c410 | c5fb 1004 | 2448 83c4 | 104c 8b5d 
  0x000002a9acefd600: 1841 ffd3 | 4c8b 5df8 | c95f 498b | e3ff e7ba | 0000 0000 | e805 0000 | 00e9 9600 | 0000 488d 
  0x000002a9acefd620: 4424 084c | 896d c049 | 8bcf c5f8 | 7749 89af | b003 0000 | 4989 87a0 | 0300 0048 | 83ec 2040 
  0x000002a9acefd640: f6c4 0f0f | 8419 0000 | 0048 83ec | 0848 b8e0 | b199 97fb | 7f00 00ff | d048 83c4 | 08e9 0c00 
  0x000002a9acefd660: 0000 48b8 | e0b1 9997 | fb7f 0000 | ffd0 4883 | c420 49c7 | 87a0 0300 | 0000 0000 | 0049 c787 
  0x000002a9acefd680: b003 0000 | 0000 0000 | 49c7 87a8 | 0300 0000 | 0000 00c5 | f877 4983 | 7f08 000f | 8405 0000 
  0x000002a9acefd6a0: 00e9 5a38 | ffff 4c8b | 6dc0 4c8b | 75c8 4e8d | 74f5 00c3 | 488b 5de8 | e95b f6ff | ff66 6690 
[/MachCode]

---------------  P R O C E S S  ---------------

Threads class SMR info:
_java_thread_list=0x000002a982450e40, length=13, elements={
0x000002a99b428170, 0x000002a9b9ec4f70, 0x000002a9b9ecbd60, 0x000002a9b9ed2c60,
0x000002a9b9ed1220, 0x000002a9b9ecfe70, 0x000002a9b9ed0500, 0x000002a9b9eeaa20,
0x000002a9b9eef4f0, 0x000002a9b9ed32f0, 0x000002a9b9ed0b90, 0x000002a9b9ed1f40,
0x000002a9b9ed25d0
}

Java Threads: ( => current thread )
=>0x000002a99b428170 JavaThread "main"                              [_thread_in_native, id=13112, stack(0x000000f5ab100000,0x000000f5ab200000) (1024K)]
  0x000002a9b9ec4f70 JavaThread "Reference Handler"          daemon [_thread_blocked, id=4444, stack(0x000000f5ab900000,0x000000f5aba00000) (1024K)]
  0x000002a9b9ecbd60 JavaThread "Finalizer"                  daemon [_thread_blocked, id=14140, stack(0x000000f5aba00000,0x000000f5abb00000) (1024K)]
  0x000002a9b9ed2c60 JavaThread "Signal Dispatcher"          daemon [_thread_blocked, id=16548, stack(0x000000f5abb00000,0x000000f5abc00000) (1024K)]
  0x000002a9b9ed1220 JavaThread "Attach Listener"            daemon [_thread_blocked, id=5812, stack(0x000000f5abc00000,0x000000f5abd00000) (1024K)]
  0x000002a9b9ecfe70 JavaThread "Service Thread"             daemon [_thread_blocked, id=8788, stack(0x000000f5abd00000,0x000000f5abe00000) (1024K)]
  0x000002a9b9ed0500 JavaThread "Monitor Deflation Thread"   daemon [_thread_blocked, id=10544, stack(0x000000f5abe00000,0x000000f5abf00000) (1024K)]
  0x000002a9b9eeaa20 JavaThread "C2 CompilerThread0"         daemon [_thread_blocked, id=7300, stack(0x000000f5abf00000,0x000000f5ac000000) (1024K)]
  0x000002a9b9eef4f0 JavaThread "C1 CompilerThread0"         daemon [_thread_blocked, id=11560, stack(0x000000f5ac000000,0x000000f5ac100000) (1024K)]
  0x000002a9b9ed32f0 JavaThread "Notification Thread"        daemon [_thread_blocked, id=8128, stack(0x000000f5ac100000,0x000000f5ac200000) (1024K)]
  0x000002a9b9ed0b90 JavaThread "Common-Cleaner"             daemon [_thread_blocked, id=11660, stack(0x000000f5ac200000,0x000000f5ac300000) (1024K)]
  0x000002a9b9ed1f40 JavaThread "Thread-0"                   daemon [_thread_blocked, id=4564, stack(0x000000f5ac300000,0x000000f5ac400000) (1024K)]
  0x000002a9b9ed25d0 JavaThread "LWJGL3 Timer"               daemon [_thread_blocked, id=5432, stack(0x000000f5acd00000,0x000000f5ace00000) (1024K)]
Total: 13

Other Threads:
  0x000002a9b9eac740 VMThread "VM Thread"                           [id=15632, stack(0x000000f5ab800000,0x000000f5ab900000) (1024K)]
  0x000002a9b9e94dd0 WatcherThread "VM Periodic Task Thread"        [id=12968, stack(0x000000f5ab700000,0x000000f5ab800000) (1024K)]
  0x000002a99d6c3fd0 WorkerThread "GC Thread#0"                     [id=2788, stack(0x000000f5ab200000,0x000000f5ab300000) (1024K)]
  0x000002a99d6d4e70 ConcurrentGCThread "G1 Main Marker"            [id=17028, stack(0x000000f5ab300000,0x000000f5ab400000) (1024K)]
  0x000002a99d6d6120 WorkerThread "G1 Conc#0"                       [id=16504, stack(0x000000f5ab400000,0x000000f5ab500000) (1024K)]
  0x000002a99d72e5d0 ConcurrentGCThread "G1 Refine#0"               [id=6156, stack(0x000000f5ab500000,0x000000f5ab600000) (1024K)]
  0x000002a9b9d513c0 ConcurrentGCThread "G1 Service"                [id=14292, stack(0x000000f5ab600000,0x000000f5ab700000) (1024K)]
Total: 7

Threads with active compile tasks:
Total: 0

VM state: not at safepoint (normal execution)

VM Mutex/Monitor currently owned by a thread: None

Heap address: 0x0000000081800000, size: 2024 MB, Compressed Oops mode: 32-bit

CDS archive(s) mapped at: [0x000002a9ba000000-0x000002a9bac60000-0x000002a9bac60000), size 12976128, SharedBaseAddress: 0x000002a9ba000000, ArchiveRelocationMode: 1.
Compressed class space mapped at: 0x000002a9bb000000-0x000002a9fb000000, reserved size: 1073741824
Narrow klass base: 0x000002a9ba000000, Narrow klass shift: 0, Narrow klass range: 0x41000000

GC Precious Log:
 CardTable entry size: 512
 Card Set container configuration: InlinePtr #cards 5 size 8 Array Of Cards #cards 12 size 40 Howl #buckets 4 coarsen threshold 1843 Howl Bitmap #cards 512 size 80 coarsen threshold 460 Card regions per heap region 1 cards per card region 2048
 CPUs: 8 total, 8 available
 Memory: 8089M
 Large Page Support: Disabled
 NUMA Support: Disabled
 Compressed Oops: Enabled (32-bit)
 Heap Region Size: 1M
 Heap Min Capacity: 8M
 Heap Initial Capacity: 128M
 Heap Max Capacity: 2024M
 Pre-touch: Disabled
 Parallel Workers: 8
 Concurrent Workers: 2
 Concurrent Refinement Workers: 8
 Periodic GC: Disabled

Heap:
 garbage-first heap   total reserved 2072576K, committed 131072K, used 21504K [0x0000000081800000, 0x0000000100000000)
  region size 1024K, 19 young (19456K), 0 survivors (0K)
 Metaspace       used 6349K, committed 6528K, reserved 1114112K
  class space    used 435K, committed 512K, reserved 1048576K

Heap Regions: E=young(eden), S=young(survivor), O=old, HS=humongous(starts), HC=humongous(continues), CS=collection set, F=free, TAMS=top-at-mark-start, PB=parsable bottom
|   0|0x0000000081800000, 0x0000000081900000, 0x0000000081900000|100%|HS|  |TAMS 0x0000000081800000| PB 0x0000000081800000| Complete |  0
|   1|0x0000000081900000, 0x0000000081a00000, 0x0000000081a00000|100%|HC|  |TAMS 0x0000000081900000| PB 0x0000000081900000| Complete |  0
|   2|0x0000000081a00000, 0x0000000081b00000, 0x0000000081b00000|100%|HS|  |TAMS 0x0000000081a00000| PB 0x0000000081a00000| Complete |  0
|   3|0x0000000081b00000, 0x0000000081c00000, 0x0000000081c00000|100%|HS|  |TAMS 0x0000000081b00000| PB 0x0000000081b00000| Complete |  0
|   4|0x0000000081c00000, 0x0000000081c00000, 0x0000000081d00000|  0%| F|  |TAMS 0x0000000081c00000| PB 0x0000000081c00000| Untracked |  0
|   5|0x0000000081d00000, 0x0000000081d00000, 0x0000000081e00000|  0%| F|  |TAMS 0x0000000081d00000| PB 0x0000000081d00000| Untracked |  0
|   6|0x0000000081e00000, 0x0000000081e00000, 0x0000000081f00000|  0%| F|  |TAMS 0x0000000081e00000| PB 0x0000000081e00000| Untracked |  0
|   7|0x0000000081f00000, 0x0000000081f00000, 0x0000000082000000|  0%| F|  |TAMS 0x0000000081f00000| PB 0x0000000081f00000| Untracked |  0
|   8|0x0000000082000000, 0x0000000082000000, 0x0000000082100000|  0%| F|  |TAMS 0x0000000082000000| PB 0x0000000082000000| Untracked |  0
|   9|0x0000000082100000, 0x0000000082100000, 0x0000000082200000|  0%| F|  |TAMS 0x0000000082100000| PB 0x0000000082100000| Untracked |  0
|  10|0x0000000082200000, 0x0000000082200000, 0x0000000082300000|  0%| F|  |TAMS 0x0000000082200000| PB 0x0000000082200000| Untracked |  0
|  11|0x0000000082300000, 0x0000000082300000, 0x0000000082400000|  0%| F|  |TAMS 0x0000000082300000| PB 0x0000000082300000| Untracked |  0
|  12|0x0000000082400000, 0x0000000082400000, 0x0000000082500000|  0%| F|  |TAMS 0x0000000082400000| PB 0x0000000082400000| Untracked |  0
|  13|0x0000000082500000, 0x0000000082500000, 0x0000000082600000|  0%| F|  |TAMS 0x0000000082500000| PB 0x0000000082500000| Untracked |  0
|  14|0x0000000082600000, 0x0000000082600000, 0x0000000082700000|  0%| F|  |TAMS 0x0000000082600000| PB 0x0000000082600000| Untracked |  0
|  15|0x0000000082700000, 0x0000000082700000, 0x0000000082800000|  0%| F|  |TAMS 0x0000000082700000| PB 0x0000000082700000| Untracked |  0
|  16|0x0000000082800000, 0x0000000082800000, 0x0000000082900000|  0%| F|  |TAMS 0x0000000082800000| PB 0x0000000082800000| Untracked |  0
|  17|0x0000000082900000, 0x0000000082900000, 0x0000000082a00000|  0%| F|  |TAMS 0x0000000082900000| PB 0x0000000082900000| Untracked |  0
|  18|0x0000000082a00000, 0x0000000082a00000, 0x0000000082b00000|  0%| F|  |TAMS 0x0000000082a00000| PB 0x0000000082a00000| Untracked |  0
|  19|0x0000000082b00000, 0x0000000082b00000, 0x0000000082c00000|  0%| F|  |TAMS 0x0000000082b00000| PB 0x0000000082b00000| Untracked |  0
|  20|0x0000000082c00000, 0x0000000082c00000, 0x0000000082d00000|  0%| F|  |TAMS 0x0000000082c00000| PB 0x0000000082c00000| Untracked |  0
|  21|0x0000000082d00000, 0x0000000082d00000, 0x0000000082e00000|  0%| F|  |TAMS 0x0000000082d00000| PB 0x0000000082d00000| Untracked |  0
|  22|0x0000000082e00000, 0x0000000082e00000, 0x0000000082f00000|  0%| F|  |TAMS 0x0000000082e00000| PB 0x0000000082e00000| Untracked |  0
|  23|0x0000000082f00000, 0x0000000082f00000, 0x0000000083000000|  0%| F|  |TAMS 0x0000000082f00000| PB 0x0000000082f00000| Untracked |  0
|  24|0x0000000083000000, 0x0000000083000000, 0x0000000083100000|  0%| F|  |TAMS 0x0000000083000000| PB 0x0000000083000000| Untracked |  0
|  25|0x0000000083100000, 0x0000000083100000, 0x0000000083200000|  0%| F|  |TAMS 0x0000000083100000| PB 0x0000000083100000| Untracked |  0
|  26|0x0000000083200000, 0x0000000083200000, 0x0000000083300000|  0%| F|  |TAMS 0x0000000083200000| PB 0x0000000083200000| Untracked |  0
|  27|0x0000000083300000, 0x0000000083300000, 0x0000000083400000|  0%| F|  |TAMS 0x0000000083300000| PB 0x0000000083300000| Untracked |  0
|  28|0x0000000083400000, 0x0000000083400000, 0x0000000083500000|  0%| F|  |TAMS 0x0000000083400000| PB 0x0000000083400000| Untracked |  0
|  29|0x0000000083500000, 0x0000000083500000, 0x0000000083600000|  0%| F|  |TAMS 0x0000000083500000| PB 0x0000000083500000| Untracked |  0
|  30|0x0000000083600000, 0x0000000083600000, 0x0000000083700000|  0%| F|  |TAMS 0x0000000083600000| PB 0x0000000083600000| Untracked |  0
|  31|0x0000000083700000, 0x0000000083700000, 0x0000000083800000|  0%| F|  |TAMS 0x0000000083700000| PB 0x0000000083700000| Untracked |  0
|  32|0x0000000083800000, 0x0000000083800000, 0x0000000083900000|  0%| F|  |TAMS 0x0000000083800000| PB 0x0000000083800000| Untracked |  0
|  33|0x0000000083900000, 0x0000000083900000, 0x0000000083a00000|  0%| F|  |TAMS 0x0000000083900000| PB 0x0000000083900000| Untracked |  0
|  34|0x0000000083a00000, 0x0000000083a00000, 0x0000000083b00000|  0%| F|  |TAMS 0x0000000083a00000| PB 0x0000000083a00000| Untracked |  0
|  35|0x0000000083b00000, 0x0000000083b00000, 0x0000000083c00000|  0%| F|  |TAMS 0x0000000083b00000| PB 0x0000000083b00000| Untracked |  0
|  36|0x0000000083c00000, 0x0000000083c00000, 0x0000000083d00000|  0%| F|  |TAMS 0x0000000083c00000| PB 0x0000000083c00000| Untracked |  0
|  37|0x0000000083d00000, 0x0000000083d00000, 0x0000000083e00000|  0%| F|  |TAMS 0x0000000083d00000| PB 0x0000000083d00000| Untracked |  0
|  38|0x0000000083e00000, 0x0000000083e00000, 0x0000000083f00000|  0%| F|  |TAMS 0x0000000083e00000| PB 0x0000000083e00000| Untracked |  0
|  39|0x0000000083f00000, 0x0000000083f00000, 0x0000000084000000|  0%| F|  |TAMS 0x0000000083f00000| PB 0x0000000083f00000| Untracked |  0
|  40|0x0000000084000000, 0x0000000084000000, 0x0000000084100000|  0%| F|  |TAMS 0x0000000084000000| PB 0x0000000084000000| Untracked |  0
|  41|0x0000000084100000, 0x0000000084100000, 0x0000000084200000|  0%| F|  |TAMS 0x0000000084100000| PB 0x0000000084100000| Untracked |  0
|  42|0x0000000084200000, 0x0000000084200000, 0x0000000084300000|  0%| F|  |TAMS 0x0000000084200000| PB 0x0000000084200000| Untracked |  0
|  43|0x0000000084300000, 0x0000000084300000, 0x0000000084400000|  0%| F|  |TAMS 0x0000000084300000| PB 0x0000000084300000| Untracked |  0
|  44|0x0000000084400000, 0x0000000084400000, 0x0000000084500000|  0%| F|  |TAMS 0x0000000084400000| PB 0x0000000084400000| Untracked |  0
|  45|0x0000000084500000, 0x0000000084500000, 0x0000000084600000|  0%| F|  |TAMS 0x0000000084500000| PB 0x0000000084500000| Untracked |  0
|  46|0x0000000084600000, 0x0000000084600000, 0x0000000084700000|  0%| F|  |TAMS 0x0000000084600000| PB 0x0000000084600000| Untracked |  0
|  47|0x0000000084700000, 0x0000000084700000, 0x0000000084800000|  0%| F|  |TAMS 0x0000000084700000| PB 0x0000000084700000| Untracked |  0
|  48|0x0000000084800000, 0x0000000084800000, 0x0000000084900000|  0%| F|  |TAMS 0x0000000084800000| PB 0x0000000084800000| Untracked |  0
|  49|0x0000000084900000, 0x0000000084900000, 0x0000000084a00000|  0%| F|  |TAMS 0x0000000084900000| PB 0x0000000084900000| Untracked |  0
|  50|0x0000000084a00000, 0x0000000084a00000, 0x0000000084b00000|  0%| F|  |TAMS 0x0000000084a00000| PB 0x0000000084a00000| Untracked |  0
|  51|0x0000000084b00000, 0x0000000084b00000, 0x0000000084c00000|  0%| F|  |TAMS 0x0000000084b00000| PB 0x0000000084b00000| Untracked |  0
|  52|0x0000000084c00000, 0x0000000084c00000, 0x0000000084d00000|  0%| F|  |TAMS 0x0000000084c00000| PB 0x0000000084c00000| Untracked |  0
|  53|0x0000000084d00000, 0x0000000084d00000, 0x0000000084e00000|  0%| F|  |TAMS 0x0000000084d00000| PB 0x0000000084d00000| Untracked |  0
|  54|0x0000000084e00000, 0x0000000084e00000, 0x0000000084f00000|  0%| F|  |TAMS 0x0000000084e00000| PB 0x0000000084e00000| Untracked |  0
|  55|0x0000000084f00000, 0x0000000084f00000, 0x0000000085000000|  0%| F|  |TAMS 0x0000000084f00000| PB 0x0000000084f00000| Untracked |  0
|  56|0x0000000085000000, 0x0000000085000000, 0x0000000085100000|  0%| F|  |TAMS 0x0000000085000000| PB 0x0000000085000000| Untracked |  0
|  57|0x0000000085100000, 0x0000000085100000, 0x0000000085200000|  0%| F|  |TAMS 0x0000000085100000| PB 0x0000000085100000| Untracked |  0
|  58|0x0000000085200000, 0x0000000085200000, 0x0000000085300000|  0%| F|  |TAMS 0x0000000085200000| PB 0x0000000085200000| Untracked |  0
|  59|0x0000000085300000, 0x0000000085300000, 0x0000000085400000|  0%| F|  |TAMS 0x0000000085300000| PB 0x0000000085300000| Untracked |  0
|  60|0x0000000085400000, 0x0000000085400000, 0x0000000085500000|  0%| F|  |TAMS 0x0000000085400000| PB 0x0000000085400000| Untracked |  0
|  61|0x0000000085500000, 0x0000000085500000, 0x0000000085600000|  0%| F|  |TAMS 0x0000000085500000| PB 0x0000000085500000| Untracked |  0
|  62|0x0000000085600000, 0x0000000085600000, 0x0000000085700000|  0%| F|  |TAMS 0x0000000085600000| PB 0x0000000085600000| Untracked |  0
|  63|0x0000000085700000, 0x0000000085700000, 0x0000000085800000|  0%| F|  |TAMS 0x0000000085700000| PB 0x0000000085700000| Untracked |  0
|  64|0x0000000085800000, 0x0000000085800000, 0x0000000085900000|  0%| F|  |TAMS 0x0000000085800000| PB 0x0000000085800000| Untracked |  0
|  65|0x0000000085900000, 0x0000000085900000, 0x0000000085a00000|  0%| F|  |TAMS 0x0000000085900000| PB 0x0000000085900000| Untracked |  0
|  66|0x0000000085a00000, 0x0000000085a00000, 0x0000000085b00000|  0%| F|  |TAMS 0x0000000085a00000| PB 0x0000000085a00000| Untracked |  0
|  67|0x0000000085b00000, 0x0000000085b00000, 0x0000000085c00000|  0%| F|  |TAMS 0x0000000085b00000| PB 0x0000000085b00000| Untracked |  0
|  68|0x0000000085c00000, 0x0000000085c00000, 0x0000000085d00000|  0%| F|  |TAMS 0x0000000085c00000| PB 0x0000000085c00000| Untracked |  0
|  69|0x0000000085d00000, 0x0000000085d00000, 0x0000000085e00000|  0%| F|  |TAMS 0x0000000085d00000| PB 0x0000000085d00000| Untracked |  0
|  70|0x0000000085e00000, 0x0000000085e00000, 0x0000000085f00000|  0%| F|  |TAMS 0x0000000085e00000| PB 0x0000000085e00000| Untracked |  0
|  71|0x0000000085f00000, 0x0000000085f00000, 0x0000000086000000|  0%| F|  |TAMS 0x0000000085f00000| PB 0x0000000085f00000| Untracked |  0
|  72|0x0000000086000000, 0x0000000086000000, 0x0000000086100000|  0%| F|  |TAMS 0x0000000086000000| PB 0x0000000086000000| Untracked |  0
|  73|0x0000000086100000, 0x0000000086100000, 0x0000000086200000|  0%| F|  |TAMS 0x0000000086100000| PB 0x0000000086100000| Untracked |  0
|  74|0x0000000086200000, 0x0000000086200000, 0x0000000086300000|  0%| F|  |TAMS 0x0000000086200000| PB 0x0000000086200000| Untracked |  0
|  75|0x0000000086300000, 0x0000000086300000, 0x0000000086400000|  0%| F|  |TAMS 0x0000000086300000| PB 0x0000000086300000| Untracked |  0
|  76|0x0000000086400000, 0x0000000086400000, 0x0000000086500000|  0%| F|  |TAMS 0x0000000086400000| PB 0x0000000086400000| Untracked |  0
|  77|0x0000000086500000, 0x0000000086500000, 0x0000000086600000|  0%| F|  |TAMS 0x0000000086500000| PB 0x0000000086500000| Untracked |  0
|  78|0x0000000086600000, 0x0000000086600000, 0x0000000086700000|  0%| F|  |TAMS 0x0000000086600000| PB 0x0000000086600000| Untracked |  0
|  79|0x0000000086700000, 0x0000000086700000, 0x0000000086800000|  0%| F|  |TAMS 0x0000000086700000| PB 0x0000000086700000| Untracked |  0
|  80|0x0000000086800000, 0x0000000086800000, 0x0000000086900000|  0%| F|  |TAMS 0x0000000086800000| PB 0x0000000086800000| Untracked |  0
|  81|0x0000000086900000, 0x0000000086900000, 0x0000000086a00000|  0%| F|  |TAMS 0x0000000086900000| PB 0x0000000086900000| Untracked |  0
|  82|0x0000000086a00000, 0x0000000086a00000, 0x0000000086b00000|  0%| F|  |TAMS 0x0000000086a00000| PB 0x0000000086a00000| Untracked |  0
|  83|0x0000000086b00000, 0x0000000086b00000, 0x0000000086c00000|  0%| F|  |TAMS 0x0000000086b00000| PB 0x0000000086b00000| Untracked |  0
|  84|0x0000000086c00000, 0x0000000086c00000, 0x0000000086d00000|  0%| F|  |TAMS 0x0000000086c00000| PB 0x0000000086c00000| Untracked |  0
|  85|0x0000000086d00000, 0x0000000086d00000, 0x0000000086e00000|  0%| F|  |TAMS 0x0000000086d00000| PB 0x0000000086d00000| Untracked |  0
|  86|0x0000000086e00000, 0x0000000086e00000, 0x0000000086f00000|  0%| F|  |TAMS 0x0000000086e00000| PB 0x0000000086e00000| Untracked |  0
|  87|0x0000000086f00000, 0x0000000086f00000, 0x0000000087000000|  0%| F|  |TAMS 0x0000000086f00000| PB 0x0000000086f00000| Untracked |  0
|  88|0x0000000087000000, 0x0000000087000000, 0x0000000087100000|  0%| F|  |TAMS 0x0000000087000000| PB 0x0000000087000000| Untracked |  0
|  89|0x0000000087100000, 0x0000000087100000, 0x0000000087200000|  0%| F|  |TAMS 0x0000000087100000| PB 0x0000000087100000| Untracked |  0
|  90|0x0000000087200000, 0x0000000087200000, 0x0000000087300000|  0%| F|  |TAMS 0x0000000087200000| PB 0x0000000087200000| Untracked |  0
|  91|0x0000000087300000, 0x0000000087300000, 0x0000000087400000|  0%| F|  |TAMS 0x0000000087300000| PB 0x0000000087300000| Untracked |  0
|  92|0x0000000087400000, 0x0000000087400000, 0x0000000087500000|  0%| F|  |TAMS 0x0000000087400000| PB 0x0000000087400000| Untracked |  0
|  93|0x0000000087500000, 0x0000000087500000, 0x0000000087600000|  0%| F|  |TAMS 0x0000000087500000| PB 0x0000000087500000| Untracked |  0
|  94|0x0000000087600000, 0x0000000087600000, 0x0000000087700000|  0%| F|  |TAMS 0x0000000087600000| PB 0x0000000087600000| Untracked |  0
|  95|0x0000000087700000, 0x0000000087700000, 0x0000000087800000|  0%| F|  |TAMS 0x0000000087700000| PB 0x0000000087700000| Untracked |  0
|  96|0x0000000087800000, 0x0000000087800000, 0x0000000087900000|  0%| F|  |TAMS 0x0000000087800000| PB 0x0000000087800000| Untracked |  0
|  97|0x0000000087900000, 0x0000000087900000, 0x0000000087a00000|  0%| F|  |TAMS 0x0000000087900000| PB 0x0000000087900000| Untracked |  0
|  98|0x0000000087a00000, 0x0000000087a00000, 0x0000000087b00000|  0%| F|  |TAMS 0x0000000087a00000| PB 0x0000000087a00000| Untracked |  0
|  99|0x0000000087b00000, 0x0000000087b00000, 0x0000000087c00000|  0%| F|  |TAMS 0x0000000087b00000| PB 0x0000000087b00000| Untracked |  0
| 100|0x0000000087c00000, 0x0000000087c00000, 0x0000000087d00000|  0%| F|  |TAMS 0x0000000087c00000| PB 0x0000000087c00000| Untracked |  0
| 101|0x0000000087d00000, 0x0000000087d00000, 0x0000000087e00000|  0%| F|  |TAMS 0x0000000087d00000| PB 0x0000000087d00000| Untracked |  0
| 102|0x0000000087e00000, 0x0000000087e00000, 0x0000000087f00000|  0%| F|  |TAMS 0x0000000087e00000| PB 0x0000000087e00000| Untracked |  0
| 103|0x0000000087f00000, 0x0000000087f00000, 0x0000000088000000|  0%| F|  |TAMS 0x0000000087f00000| PB 0x0000000087f00000| Untracked |  0
| 104|0x0000000088000000, 0x0000000088000000, 0x0000000088100000|  0%| F|  |TAMS 0x0000000088000000| PB 0x0000000088000000| Untracked |  0
| 105|0x0000000088100000, 0x0000000088100000, 0x0000000088200000|  0%| F|  |TAMS 0x0000000088100000| PB 0x0000000088100000| Untracked |  0
| 106|0x0000000088200000, 0x0000000088200000, 0x0000000088300000|  0%| F|  |TAMS 0x0000000088200000| PB 0x0000000088200000| Untracked |  0
| 107|0x0000000088300000, 0x0000000088300000, 0x0000000088400000|  0%| F|  |TAMS 0x0000000088300000| PB 0x0000000088300000| Untracked |  0
| 108|0x0000000088400000, 0x0000000088400000, 0x0000000088500000|  0%| F|  |TAMS 0x0000000088400000| PB 0x0000000088400000| Untracked |  0
| 109|0x0000000088500000, 0x000000008857ae28, 0x0000000088600000| 48%| E|  |TAMS 0x0000000088500000| PB 0x0000000088500000| Complete |  0
| 110|0x0000000088600000, 0x0000000088700000, 0x0000000088700000|100%| E|CS|TAMS 0x0000000088600000| PB 0x0000000088600000| Complete |  0
| 111|0x0000000088700000, 0x0000000088800000, 0x0000000088800000|100%| E|CS|TAMS 0x0000000088700000| PB 0x0000000088700000| Complete |  0
| 112|0x0000000088800000, 0x0000000088900000, 0x0000000088900000|100%| E|  |TAMS 0x0000000088800000| PB 0x0000000088800000| Complete |  0
| 113|0x0000000088900000, 0x0000000088a00000, 0x0000000088a00000|100%| E|CS|TAMS 0x0000000088900000| PB 0x0000000088900000| Complete |  0
| 114|0x0000000088a00000, 0x0000000088b00000, 0x0000000088b00000|100%| E|CS|TAMS 0x0000000088a00000| PB 0x0000000088a00000| Complete |  0
| 115|0x0000000088b00000, 0x0000000088c00000, 0x0000000088c00000|100%| E|CS|TAMS 0x0000000088b00000| PB 0x0000000088b00000| Complete |  0
| 116|0x0000000088c00000, 0x0000000088d00000, 0x0000000088d00000|100%| E|CS|TAMS 0x0000000088c00000| PB 0x0000000088c00000| Complete |  0
| 117|0x0000000088d00000, 0x0000000088e00000, 0x0000000088e00000|100%| E|CS|TAMS 0x0000000088d00000| PB 0x0000000088d00000| Complete |  0
| 118|0x0000000088e00000, 0x0000000088f00000, 0x0000000088f00000|100%| E|CS|TAMS 0x0000000088e00000| PB 0x0000000088e00000| Complete |  0
| 119|0x0000000088f00000, 0x0000000089000000, 0x0000000089000000|100%| E|CS|TAMS 0x0000000088f00000| PB 0x0000000088f00000| Complete |  0
| 120|0x0000000089000000, 0x0000000089100000, 0x0000000089100000|100%| E|CS|TAMS 0x0000000089000000| PB 0x0000000089000000| Complete |  0
| 121|0x0000000089100000, 0x0000000089200000, 0x0000000089200000|100%| E|CS|TAMS 0x0000000089100000| PB 0x0000000089100000| Complete |  0
| 122|0x0000000089200000, 0x0000000089300000, 0x0000000089300000|100%| E|CS|TAMS 0x0000000089200000| PB 0x0000000089200000| Complete |  0
| 123|0x0000000089300000, 0x0000000089400000, 0x0000000089400000|100%| E|CS|TAMS 0x0000000089300000| PB 0x0000000089300000| Complete |  0
| 124|0x0000000089400000, 0x0000000089500000, 0x0000000089500000|100%| E|CS|TAMS 0x0000000089400000| PB 0x0000000089400000| Complete |  0
| 125|0x0000000089500000, 0x0000000089600000, 0x0000000089600000|100%| E|CS|TAMS 0x0000000089500000| PB 0x0000000089500000| Complete |  0
| 126|0x0000000089600000, 0x0000000089700000, 0x0000000089700000|100%| E|CS|TAMS 0x0000000089600000| PB 0x0000000089600000| Complete |  0
| 127|0x0000000089700000, 0x0000000089800000, 0x0000000089800000|100%| E|CS|TAMS 0x0000000089700000| PB 0x0000000089700000| Complete |  0

Card table byte_map: [0x000002a9b50f0000,0x000002a9b54f0000] _byte_map_base: 0x000002a9b4ce4000

Marking Bits: (CMBitMap*) 0x000002a99d6c46e0
 Bits: [0x000002a9b54f0000, 0x000002a9b7490000)

Polling page: 0x000002a99b5f0000

Metaspace:

Usage:
  Non-class:      5.78 MB used.
      Class:    435.34 KB used.
       Both:      6.20 MB used.

Virtual space:
  Non-class space:       64.00 MB reserved,       5.88 MB (  9%) committed,  1 nodes.
      Class space:        1.00 GB reserved,     512.00 KB ( <1%) committed,  1 nodes.
             Both:        1.06 GB reserved,       6.38 MB ( <1%) committed. 

Chunk freelists:
   Non-Class:  8.08 MB
       Class:  15.45 MB
        Both:  23.53 MB

MaxMetaspaceSize: unlimited
CompressedClassSpaceSize: 1.00 GB
Initial GC threshold: 21.00 MB
Current GC threshold: 21.00 MB
CDS: on
 - commit_granule_bytes: 65536.
 - commit_granule_words: 8192.
 - virtual_space_node_default_size: 8388608.
 - enlarge_chunks_in_place: 1.
 - use_allocation_guard: 0.


Internal statistics:

num_allocs_failed_limit: 0.
num_arena_births: 82.
num_arena_deaths: 0.
num_vsnodes_births: 2.
num_vsnodes_deaths: 0.
num_space_committed: 101.
num_space_uncommitted: 0.
num_chunks_returned_to_freelist: 0.
num_chunks_taken_from_freelist: 265.
num_chunk_merges: 0.
num_chunk_splits: 185.
num_chunks_enlarged: 142.
num_inconsistent_stats: 0.

CodeHeap 'non-profiled nmethods': size=120000Kb used=546Kb max_used=546Kb free=119453Kb
 bounds [0x000002a9ad490000, 0x000002a9ad700000, 0x000002a9b49c0000]
CodeHeap 'profiled nmethods': size=120000Kb used=2411Kb max_used=2411Kb free=117588Kb
 bounds [0x000002a9a59c0000, 0x000002a9a5c30000, 0x000002a9acef0000]
CodeHeap 'non-nmethods': size=5760Kb used=2190Kb max_used=2221Kb free=3569Kb
 bounds [0x000002a9acef0000, 0x000002a9ad160000, 0x000002a9ad490000]
 total_blobs=2554 nmethods=1414 adapters=1045
 compilation: enabled
              stopped_count=0, restarted_count=0
 full_count=0

Compilation events (20 events):
Event: 36.684 Thread 0x000002a9b9eeaa20 1405       4       com.badlogic.gdx.utils.ObjectMap::locateKey (63 bytes)
Event: 36.687 Thread 0x000002a9b9eeaa20 nmethod 1405 0x000002a9ad514c10 code [0x000002a9ad514dc0, 0x000002a9ad515010]
Event: 37.529 Thread 0x000002a9b9eef4f0 1406       1       org.lwjgl.system.MemoryStack::getPointer (5 bytes)
Event: 37.529 Thread 0x000002a9b9eef4f0 nmethod 1406 0x000002a9ad515210 code [0x000002a9ad5153a0, 0x000002a9ad515468]
Event: 37.635 Thread 0x000002a9b9eef4f0 1407       3       com.badlogic.gdx.utils.IntArray::set (55 bytes)
Event: 37.636 Thread 0x000002a9b9eef4f0 nmethod 1407 0x000002a9a5c19810 code [0x000002a9a5c19a80, 0x000002a9a5c1a268]
Event: 37.701 Thread 0x000002a9b9eeaa20 1408 %     4       java.util.Arrays::fill @ 10 (28 bytes)
Event: 37.707 Thread 0x000002a9b9eeaa20 nmethod 1408% 0x000002a9ad515510 code [0x000002a9ad5156a0, 0x000002a9ad515908]
Event: 38.117 Thread 0x000002a9b9eeaa20 1409       4       com.badlogic.gdx.utils.IntArray::add (48 bytes)
Event: 38.118 Thread 0x000002a9b9eeaa20 nmethod 1409 0x000002a9ad515a10 code [0x000002a9ad515ba0, 0x000002a9ad515ca0]
Event: 39.816 Thread 0x000002a9b9eeaa20 1410       4       com.badlogic.gdx.graphics.g2d.SpriteBatch::draw (279 bytes)
Event: 39.825 Thread 0x000002a9b9eeaa20 nmethod 1410 0x000002a9ad515d90 code [0x000002a9ad515f60, 0x000002a9ad516398]
Event: 41.335 Thread 0x000002a9b9eeaa20 1411       4       com.badlogic.gdx.math.Frustum::update (263 bytes)
Event: 41.370 Thread 0x000002a9b9eeaa20 nmethod 1411 0x000002a9ad516690 code [0x000002a9ad516960, 0x000002a9ad517888]
Event: 41.718 Thread 0x000002a9b9eeaa20 1412       4       com.badlogic.gdx.graphics.glutils.ShaderProgram::fetchUniformLocation (120 bytes)
Event: 41.725 Thread 0x000002a9b9eeaa20 nmethod 1412 0x000002a9ad517f10 code [0x000002a9ad518100, 0x000002a9ad518788]
Event: 44.841 Thread 0x000002a9b9eef4f0 1413       3       java.util.zip.CRC32::<init> (5 bytes)
Event: 44.841 Thread 0x000002a9b9eef4f0 nmethod 1413 0x000002a9a5c1a610 code [0x000002a9a5c1a7a0, 0x000002a9a5c1a908]
Event: 44.841 Thread 0x000002a9b9eef4f0 1414       3       java.util.zip.CRC32::getValue (10 bytes)
Event: 44.842 Thread 0x000002a9b9eef4f0 nmethod 1414 0x000002a9a5c1aa10 code [0x000002a9a5c1aba0, 0x000002a9a5c1acc0]

GC Heap History (0 events):
No events

Dll operation events (10 events):
Event: 0.010 Loaded shared library C:\Program Files\Java\jdk-22\bin\java.dll
Event: 0.043 Loaded shared library C:\Program Files\Java\jdk-22\bin\jsvml.dll
Event: 0.096 Loaded shared library C:\Program Files\Java\jdk-22\bin\net.dll
Event: 0.098 Loaded shared library C:\Program Files\Java\jdk-22\bin\nio.dll
Event: 0.101 Loaded shared library C:\Program Files\Java\jdk-22\bin\zip.dll
Event: 0.178 Loaded shared library C:\Program Files\Java\jdk-22\bin\jimage.dll
Event: 0.187 Loaded shared library C:\ProgramData\libGDX-temp\libgdxDEll\2a9d7f76\gdx64.dll
Event: 0.251 Loaded shared library C:\ProgramData\libGDX-temp\lwjgl_DEll\3.3.3+5\x64\lwjgl.dll
Event: 2.207 Loaded shared library C:\ProgramData\libGDX-temp\lwjgl_DEll\3.3.3+5\x64\lwjgl_opengl.dll
Event: 2.971 Loaded shared library C:\ProgramData\libGDX-temp\libgdxDEll\5e84b8da\gdx-box2d64.dll

Deoptimization events (20 events):
Event: 29.453 Thread 0x000002a99b428170 Uncommon trap: trap_request=0xffffffde fr.pc=0x000002a9ad513148 relative=0x0000000000000128
Event: 29.453 Thread 0x000002a99b428170 Uncommon trap: reason=class_check action=maybe_recompile pc=0x000002a9ad513148 method=jdk.internal.misc.Unsafe.allocateUninitializedArray(Ljava/lang/Class;I)Ljava/lang/Object; @ 51 c2
Event: 29.453 Thread 0x000002a99b428170 DEOPT PACKING pc=0x000002a9ad513148 sp=0x000000f5ab1ff0a0
Event: 29.453 Thread 0x000002a99b428170 DEOPT UNPACKING pc=0x000002a9acf446a2 sp=0x000000f5ab1ff018 mode 2
Event: 40.600 Thread 0x000002a99b428170 Uncommon trap: trap_request=0xffffffde fr.pc=0x000002a9ad514f1c relative=0x000000000000015c
Event: 40.600 Thread 0x000002a99b428170 Uncommon trap: reason=class_check action=maybe_recompile pc=0x000002a9ad514f1c method=com.badlogic.gdx.utils.ObjectMap.place(Ljava/lang/Object;)I @ 1 c2
Event: 40.600 Thread 0x000002a99b428170 DEOPT PACKING pc=0x000002a9ad514f1c sp=0x000000f5ab1fef70
Event: 40.600 Thread 0x000002a99b428170 DEOPT UNPACKING pc=0x000002a9acf446a2 sp=0x000000f5ab1feea0 mode 2
Event: 40.600 Thread 0x000002a99b428170 Uncommon trap: trap_request=0xffffffde fr.pc=0x000002a9ad514f1c relative=0x000000000000015c
Event: 40.600 Thread 0x000002a99b428170 Uncommon trap: reason=class_check action=maybe_recompile pc=0x000002a9ad514f1c method=com.badlogic.gdx.utils.ObjectMap.place(Ljava/lang/Object;)I @ 1 c2
Event: 40.600 Thread 0x000002a99b428170 DEOPT PACKING pc=0x000002a9ad514f1c sp=0x000000f5ab1fef70
Event: 40.600 Thread 0x000002a99b428170 DEOPT UNPACKING pc=0x000002a9acf446a2 sp=0x000000f5ab1feea0 mode 2
Event: 40.601 Thread 0x000002a99b428170 Uncommon trap: trap_request=0xffffffde fr.pc=0x000002a9ad514f1c relative=0x000000000000015c
Event: 40.601 Thread 0x000002a99b428170 Uncommon trap: reason=class_check action=maybe_recompile pc=0x000002a9ad514f1c method=com.badlogic.gdx.utils.ObjectMap.place(Ljava/lang/Object;)I @ 1 c2
Event: 40.601 Thread 0x000002a99b428170 DEOPT PACKING pc=0x000002a9ad514f1c sp=0x000000f5ab1ff030
Event: 40.601 Thread 0x000002a99b428170 DEOPT UNPACKING pc=0x000002a9acf446a2 sp=0x000000f5ab1fef60 mode 2
Event: 40.601 Thread 0x000002a99b428170 Uncommon trap: trap_request=0xffffffde fr.pc=0x000002a9ad514f1c relative=0x000000000000015c
Event: 40.601 Thread 0x000002a99b428170 Uncommon trap: reason=class_check action=maybe_recompile pc=0x000002a9ad514f1c method=com.badlogic.gdx.utils.ObjectMap.place(Ljava/lang/Object;)I @ 1 c2
Event: 40.601 Thread 0x000002a99b428170 DEOPT PACKING pc=0x000002a9ad514f1c sp=0x000000f5ab1ff030
Event: 40.601 Thread 0x000002a99b428170 DEOPT UNPACKING pc=0x000002a9acf446a2 sp=0x000000f5ab1fef60 mode 2

Classes loaded (20 events):
Event: 2.084 Loading class java/lang/invoke/VarHandleInts$FieldInstanceReadWrite
Event: 2.084 Loading class java/lang/invoke/VarHandleInts$FieldInstanceReadOnly
Event: 2.084 Loading class java/lang/invoke/VarHandleInts$FieldInstanceReadOnly done
Event: 2.084 Loading class java/lang/invoke/VarHandleInts$FieldInstanceReadWrite done
Event: 2.179 Loading class java/io/UnsupportedEncodingException
Event: 2.179 Loading class java/io/UnsupportedEncodingException done
Event: 2.364 Loading class jdk/internal/event/ThreadSleepEvent
Event: 2.364 Loading class jdk/internal/event/ThreadSleepEvent done
Event: 2.475 Loading class java/lang/NumberFormatException
Event: 2.475 Loading class java/lang/NumberFormatException done
Event: 2.544 Loading class java/util/NoSuchElementException
Event: 2.544 Loading class java/util/NoSuchElementException done
Event: 2.801 Loading class java/io/BufferedReader
Event: 2.801 Loading class java/io/BufferedReader done
Event: 2.802 Loading class sun/nio/cs/StreamDecoder
Event: 2.802 Loading class sun/nio/cs/StreamDecoder done
Event: 2.996 Loading class java/lang/SecurityException
Event: 2.996 Loading class java/lang/SecurityException done
Event: 2.997 Loading class java/lang/reflect/InvocationTargetException
Event: 2.997 Loading class java/lang/reflect/InvocationTargetException done

Classes unloaded (0 events):
No events

Classes redefined (0 events):
No events

Internal exceptions (20 events):
Event: 0.316 Thread 0x000002a99b428170 Exception <a 'java/lang/NoSuchMethodError'{0x00000000892eb220}: 'java.lang.Object java.lang.invoke.DirectMethodHandle$Holder.newInvokeSpecial(java.lang.Object, java.lang.Object, int)'> (0x00000000892eb220) 
thrown [s\open\src\hotspot\share\interpreter\linkResolver.cpp, line 774]
Event: 0.319 Thread 0x000002a99b428170 Exception <a 'java/lang/NoSuchMethodError'{0x00000000892fd268}: 'int java.lang.invoke.DirectMethodHandle$Holder.invokeStaticInit(java.lang.Object, java.lang.Object, long, long)'> (0x00000000892fd268) 
thrown [s\open\src\hotspot\share\interpreter\linkResolver.cpp, line 774]
Event: 0.319 Thread 0x000002a99b428170 Exception <a 'java/lang/NoSuchMethodError'{0x0000000089103178}: 'java.lang.Object java.lang.invoke.DirectMethodHandle$Holder.newInvokeSpecial(java.lang.Object, java.lang.Object, long)'> (0x0000000089103178) 
thrown [s\open\src\hotspot\share\interpreter\linkResolver.cpp, line 774]
Event: 0.320 Thread 0x000002a99b428170 Exception <a 'java/lang/NoSuchMethodError'{0x0000000089107020}: 'java.lang.Object java.lang.invoke.Invokers$Holder.linkToTargetMethod(java.lang.Object, long, java.lang.Object)'> (0x0000000089107020) 
thrown [s\open\src\hotspot\share\interpreter\linkResolver.cpp, line 774]
Event: 0.321 Thread 0x000002a99b428170 Exception <a 'java/lang/NoSuchMethodError'{0x000000008910e280}: 'int java.lang.invoke.DirectMethodHandle$Holder.invokeStaticInit(java.lang.Object, java.lang.Object, java.lang.Object, long)'> (0x000000008910e280) 
thrown [s\open\src\hotspot\share\interpreter\linkResolver.cpp, line 774]
Event: 0.345 Thread 0x000002a99b428170 Exception <a 'sun/nio/fs/WindowsException'{0x0000000089196fc0}> (0x0000000089196fc0) 
thrown [s\open\src\hotspot\share\prims\jni.cpp, line 520]
Event: 0.345 Thread 0x000002a99b428170 Exception <a 'sun/nio/fs/WindowsException'{0x0000000089197320}> (0x0000000089197320) 
thrown [s\open\src\hotspot\share\prims\jni.cpp, line 520]
Event: 0.384 Thread 0x000002a99b428170 Exception <a 'sun/nio/fs/WindowsException'{0x0000000089044cd0}> (0x0000000089044cd0) 
thrown [s\open\src\hotspot\share\prims\jni.cpp, line 520]
Event: 0.384 Thread 0x000002a99b428170 Exception <a 'sun/nio/fs/WindowsException'{0x0000000089045000}> (0x0000000089045000) 
thrown [s\open\src\hotspot\share\prims\jni.cpp, line 520]
Event: 0.399 Thread 0x000002a99b428170 Exception <a 'java/lang/NoSuchMethodError'{0x000000008904bfe8}: 'int java.lang.invoke.Invokers$Holder.invokeExact_MT(java.lang.Object, java.lang.Object)'> (0x000000008904bfe8) 
thrown [s\open\src\hotspot\share\interpreter\linkResolver.cpp, line 774]
Event: 0.453 Thread 0x000002a99b428170 Exception <a 'sun/nio/fs/WindowsException'{0x0000000088f12080}> (0x0000000088f12080) 
thrown [s\open\src\hotspot\share\prims\jni.cpp, line 520]
Event: 0.453 Thread 0x000002a99b428170 Exception <a 'sun/nio/fs/WindowsException'{0x0000000088f123d0}> (0x0000000088f123d0) 
thrown [s\open\src\hotspot\share\prims\jni.cpp, line 520]
Event: 2.066 Thread 0x000002a99b428170 Exception <a 'java/lang/NoSuchMethodError'{0x0000000088f50c00}: 'java.lang.Object java.lang.invoke.DirectMethodHandle$Holder.newInvokeSpecial(java.lang.Object, long)'> (0x0000000088f50c00) 
thrown [s\open\src\hotspot\share\interpreter\linkResolver.cpp, line 774]
Event: 2.191 Thread 0x000002a99b428170 Exception <a 'java/lang/NoSuchMethodError'{0x0000000088d0ae00}: 'void java.lang.invoke.DirectMethodHandle$Holder.invokeStatic(java.lang.Object, long)'> (0x0000000088d0ae00) 
thrown [s\open\src\hotspot\share\interpreter\linkResolver.cpp, line 774]
Event: 2.200 Thread 0x000002a99b428170 Exception <a 'java/lang/NoSuchMethodError'{0x0000000088d2c778}: 'void java.lang.System.load(java.lang.String, java.lang.Class)'> (0x0000000088d2c778) 
thrown [s\open\src\hotspot\share\interpreter\linkResolver.cpp, line 774]
Event: 2.201 Thread 0x000002a99b428170 Exception <a 'java/lang/NoSuchMethodError'{0x0000000088d2f1c8}: 'void java.lang.System.loadLibrary(java.lang.String, java.lang.Class)'> (0x0000000088d2f1c8) 
thrown [s\open\src\hotspot\share\interpreter\linkResolver.cpp, line 774]
Event: 2.205 Thread 0x000002a99b428170 Exception <a 'sun/nio/fs/WindowsException'{0x0000000088d40128}> (0x0000000088d40128) 
thrown [s\open\src\hotspot\share\prims\jni.cpp, line 520]
Event: 2.205 Thread 0x000002a99b428170 Exception <a 'sun/nio/fs/WindowsException'{0x0000000088d40498}> (0x0000000088d40498) 
thrown [s\open\src\hotspot\share\prims\jni.cpp, line 520]
Event: 2.211 Thread 0x000002a99b428170 Exception <a 'sun/nio/fs/WindowsException'{0x0000000088d4c680}> (0x0000000088d4c680) 
thrown [s\open\src\hotspot\share\prims\jni.cpp, line 520]
Event: 2.211 Thread 0x000002a99b428170 Exception <a 'sun/nio/fs/WindowsException'{0x0000000088d4c920}> (0x0000000088d4c920) 
thrown [s\open\src\hotspot\share\prims\jni.cpp, line 520]

ZGC Phase Switch (0 events):
No events

VM Operations (20 events):
Event: 1.229 Executing VM operation: Cleanup
Event: 1.229 Executing VM operation: Cleanup done
Event: 2.243 Executing VM operation: Cleanup
Event: 2.339 Executing VM operation: Cleanup done
Event: 3.346 Executing VM operation: Cleanup
Event: 3.346 Executing VM operation: Cleanup done
Event: 5.347 Executing VM operation: Cleanup
Event: 5.347 Executing VM operation: Cleanup done
Event: 6.347 Executing VM operation: Cleanup
Event: 6.347 Executing VM operation: Cleanup done
Event: 8.347 Executing VM operation: Cleanup
Event: 8.348 Executing VM operation: Cleanup done
Event: 10.348 Executing VM operation: Cleanup
Event: 10.348 Executing VM operation: Cleanup done
Event: 13.349 Executing VM operation: Cleanup
Event: 13.349 Executing VM operation: Cleanup done
Event: 15.350 Executing VM operation: Cleanup
Event: 15.350 Executing VM operation: Cleanup done
Event: 35.359 Executing VM operation: Cleanup
Event: 35.360 Executing VM operation: Cleanup done

Memory protections (0 events):
No events

Nmethod flushes (0 events):
No events

Events (15 events):
Event: 0.028 Thread 0x000002a99b428170 Thread added: 0x000002a99b428170
Event: 0.040 Thread 0x000002a99b428170 Thread added: 0x000002a9b9ec4f70
Event: 0.040 Thread 0x000002a99b428170 Thread added: 0x000002a9b9ecbd60
Event: 0.041 Thread 0x000002a99b428170 Thread added: 0x000002a9b9ed2c60
Event: 0.041 Thread 0x000002a99b428170 Thread added: 0x000002a9b9ed1220
Event: 0.041 Thread 0x000002a99b428170 Thread added: 0x000002a9b9ecfe70
Event: 0.041 Thread 0x000002a99b428170 Thread added: 0x000002a9b9ed0500
Event: 0.041 Thread 0x000002a99b428170 Thread added: 0x000002a9b9eeaa20
Event: 0.041 Thread 0x000002a99b428170 Thread added: 0x000002a9b9eef4f0
Event: 0.088 Thread 0x000002a99b428170 Thread added: 0x000002a9b9ed32f0
Event: 0.091 Thread 0x000002a99b428170 Thread added: 0x000002a9b9ed0b90
Event: 0.137 Thread 0x000002a9b9eef4f0 Thread added: 0x000002a9ff355cd0
Event: 2.066 Thread 0x000002a9ff355cd0 Thread exited: 0x000002a9ff355cd0
Event: 2.079 Thread 0x000002a99b428170 Thread added: 0x000002a9b9ed1f40
Event: 3.013 Thread 0x000002a99b428170 Thread added: 0x000002a9b9ed25d0


Dynamic libraries:
0x00007ff727370000 - 0x00007ff727380000 	C:\Program Files\Java\jdk-22\bin\java.exe
0x00007ffbeedf0000 - 0x00007ffbeefe8000 	C:\Windows\SYSTEM32\ntdll.dll
0x00007ffbee760000 - 0x00007ffbee822000 	C:\Windows\System32\KERNEL32.DLL
0x00007ffbec490000 - 0x00007ffbec78e000 	C:\Windows\System32\KERNELBASE.dll
0x00007ffbecd10000 - 0x00007ffbece10000 	C:\Windows\System32\ucrtbase.dll
0x00007ffbe36a0000 - 0x00007ffbe36b7000 	C:\Program Files\Java\jdk-22\bin\jli.dll
0x00007ffbe3680000 - 0x00007ffbe369b000 	C:\Program Files\Java\jdk-22\bin\VCRUNTIME140.dll
0x00007ffbedd20000 - 0x00007ffbedebd000 	C:\Windows\System32\USER32.dll
0x00007ffbd9800000 - 0x00007ffbd9a9a000 	C:\Windows\WinSxS\amd64_microsoft.windows.common-controls_6595b64144ccf1df_6.0.19041.4355_none_60b8b9eb71f62e16\COMCTL32.dll
0x00007ffbec790000 - 0x00007ffbec7b2000 	C:\Windows\System32\win32u.dll
0x00007ffbeecb0000 - 0x00007ffbeed4e000 	C:\Windows\System32\msvcrt.dll
0x00007ffbed500000 - 0x00007ffbed52b000 	C:\Windows\System32\GDI32.dll
0x00007ffbec7c0000 - 0x00007ffbec8d7000 	C:\Windows\System32\gdi32full.dll
0x00007ffbeca90000 - 0x00007ffbecb2d000 	C:\Windows\System32\msvcp_win.dll
0x00007ffbed4d0000 - 0x00007ffbed4ff000 	C:\Windows\System32\IMM32.DLL
0x00007ffbe3670000 - 0x00007ffbe367c000 	C:\Program Files\Java\jdk-22\bin\vcruntime140_1.dll
0x00007ffbce9a0000 - 0x00007ffbcea2e000 	C:\Program Files\Java\jdk-22\bin\msvcp140.dll
0x00007ffb975c0000 - 0x00007ffb98309000 	C:\Program Files\Java\jdk-22\bin\server\jvm.dll
0x00007ffbeea10000 - 0x00007ffbeeac1000 	C:\Windows\System32\ADVAPI32.dll
0x00007ffbee970000 - 0x00007ffbeea0f000 	C:\Windows\System32\sechost.dll
0x00007ffbeead0000 - 0x00007ffbeebf3000 	C:\Windows\System32\RPCRT4.dll
0x00007ffbecc30000 - 0x00007ffbecc57000 	C:\Windows\System32\bcrypt.dll
0x00007ffbedc40000 - 0x00007ffbedcab000 	C:\Windows\System32\WS2_32.dll
0x00007ffbec2f0000 - 0x00007ffbec33b000 	C:\Windows\SYSTEM32\POWRPROF.dll
0x00007ffbe1990000 - 0x00007ffbe19b7000 	C:\Windows\SYSTEM32\WINMM.dll
0x00007ffbe41d0000 - 0x00007ffbe41da000 	C:\Windows\SYSTEM32\VERSION.dll
0x00007ffbec2d0000 - 0x00007ffbec2e2000 	C:\Windows\SYSTEM32\UMPDC.dll
0x00007ffbeacc0000 - 0x00007ffbeacd2000 	C:\Windows\SYSTEM32\kernel.appcore.dll
0x00007ffbe3660000 - 0x00007ffbe366a000 	C:\Program Files\Java\jdk-22\bin\jimage.dll
0x00007ffbea980000 - 0x00007ffbeab64000 	C:\Windows\SYSTEM32\DBGHELP.DLL
0x00007ffbca5c0000 - 0x00007ffbca5f4000 	C:\Windows\SYSTEM32\dbgcore.DLL
0x00007ffbecba0000 - 0x00007ffbecc22000 	C:\Windows\System32\bcryptPrimitives.dll
0x00007ffbe35c0000 - 0x00007ffbe35de000 	C:\Program Files\Java\jdk-22\bin\java.dll
0x00007ffbedf40000 - 0x00007ffbee6ad000 	C:\Windows\System32\SHELL32.dll
0x00007ffbee830000 - 0x00007ffbee95b000 	C:\Windows\System32\ole32.dll
0x00007ffbecfc0000 - 0x00007ffbed313000 	C:\Windows\System32\combase.dll
0x00007ffbea1c0000 - 0x00007ffbea964000 	C:\Windows\SYSTEM32\windows.storage.dll
0x00007ffbebd10000 - 0x00007ffbebd3e000 	C:\Windows\SYSTEM32\Wldp.dll
0x00007ffbece10000 - 0x00007ffbecedd000 	C:\Windows\System32\OLEAUT32.dll
0x00007ffbee6b0000 - 0x00007ffbee75d000 	C:\Windows\System32\SHCORE.dll
0x00007ffbedbe0000 - 0x00007ffbedc35000 	C:\Windows\System32\shlwapi.dll
0x00007ffbec3c0000 - 0x00007ffbec3e4000 	C:\Windows\SYSTEM32\profapi.dll
0x00007ffbce8c0000 - 0x00007ffbce997000 	C:\Program Files\Java\jdk-22\bin\jsvml.dll
0x00007ffbe3590000 - 0x00007ffbe35a0000 	C:\Program Files\Java\jdk-22\bin\net.dll
0x00007ffbebaf0000 - 0x00007ffbebb5a000 	C:\Windows\system32\mswsock.dll
0x00007ffbce8a0000 - 0x00007ffbce8b6000 	C:\Program Files\Java\jdk-22\bin\nio.dll
0x00007ffbe35a0000 - 0x00007ffbe35b7000 	C:\Program Files\Java\jdk-22\bin\zip.dll
0x000000006e700000 - 0x000000006e72d000 	C:\ProgramData\libGDX-temp\libgdxDEll\2a9d7f76\gdx64.dll
0x00007ffbe2360000 - 0x00007ffbe23db000 	C:\ProgramData\libGDX-temp\lwjgl_DEll\3.3.3+5\x64\lwjgl.dll
0x00007ffbb1db0000 - 0x00007ffbb2020000 	C:\ProgramData\libGDX-temp\lwjgl_DEll\3.3.3+5\x64\jemalloc.dll
0x00007ffbe22d0000 - 0x00007ffbe2352000 	C:\ProgramData\libGDX-temp\lwjgl_DEll\3.3.3+5\x64\glfw.dll
0x00007ffbe3600000 - 0x00007ffbe3645000 	C:\Windows\SYSTEM32\dinput8.dll
0x00007ffbe2750000 - 0x00007ffbe2761000 	C:\Windows\SYSTEM32\xinput1_4.dll
0x00007ffbec8e0000 - 0x00007ffbec92e000 	C:\Windows\System32\cfgmgr32.dll
0x00007ffbec150000 - 0x00007ffbec183000 	C:\Windows\SYSTEM32\DEVOBJ.dll
0x00007ffbe9d40000 - 0x00007ffbe9d6f000 	C:\Windows\SYSTEM32\dwmapi.dll
0x00007ffbe3370000 - 0x00007ffbe34c2000 	C:\Windows\SYSTEM32\inputhost.dll
0x00007ffbe89e0000 - 0x00007ffbe8b37000 	C:\Windows\SYSTEM32\wintypes.dll
0x00007ffbe8f20000 - 0x00007ffbe9012000 	C:\Windows\SYSTEM32\CoreMessaging.dll
0x00007ffbe9850000 - 0x00007ffbe9946000 	C:\Windows\SYSTEM32\PROPSYS.dll
0x00007ffbe8b80000 - 0x00007ffbe8edb000 	C:\Windows\SYSTEM32\CoreUIComponents.dll
0x00007ffbeb680000 - 0x00007ffbeb6b3000 	C:\Windows\SYSTEM32\ntmarta.dll
0x00007ffbe9a30000 - 0x00007ffbe9ace000 	C:\Windows\system32\uxtheme.dll
0x00007ffbed3b0000 - 0x00007ffbed4c5000 	C:\Windows\System32\MSCTF.dll
0x00007ffbb1be0000 - 0x00007ffbb1da7000 	C:\ProgramData\libGDX-temp\lwjgl_DEll\3.3.3+5\x64\OpenAL.dll
0x00007ffbeec00000 - 0x00007ffbeeca9000 	C:\Windows\System32\clbcatq.dll
0x00007ffbe5a90000 - 0x00007ffbe5b15000 	C:\Windows\System32\MMDevApi.dll
0x00007ffbe58a0000 - 0x00007ffbe5a21000 	C:\Windows\SYSTEM32\AUDIOSES.DLL
0x00007ffbe9b20000 - 0x00007ffbe9b34000 	C:\Windows\SYSTEM32\resourcepolicyclient.dll
0x00007ffbcd170000 - 0x00007ffbcd298000 	C:\Windows\SYSTEM32\opengl32.dll
0x00007ffbd5810000 - 0x00007ffbd583c000 	C:\Windows\SYSTEM32\GLU32.dll
0x00007ffbe5350000 - 0x00007ffbe5452000 	C:\Windows\System32\AppXDeploymentClient.dll
0x00007ffb90fa0000 - 0x00007ffb91f64000 	C:\Windows\System32\DriverStore\FileRepository\iigd_dch.inf_amd64_c34fd594e40bf436\ig9icd64.dll
0x00007ffbeace0000 - 0x00007ffbeadd6000 	C:\Windows\system32\dxgi.dll
0x00007ffbaae70000 - 0x00007ffbab2ac000 	C:\Windows\System32\DriverStore\FileRepository\iigd_dch.inf_amd64_c34fd594e40bf436\igdml64.dll
0x00007ffbe2290000 - 0x00007ffbe22cc000 	C:\Windows\system32\atig6txx.dll
0x00007ffbddba0000 - 0x00007ffbdded6000 	C:\Windows\System32\DriverStore\FileRepository\iigd_dch.inf_amd64_c34fd594e40bf436\igdgmm64.dll
0x00007ffbda9f0000 - 0x00007ffbdd77f000 	C:\Windows\System32\DriverStore\FileRepository\iigd_dch.inf_amd64_c34fd594e40bf436\igc64.dll
0x00007ffbe63f0000 - 0x00007ffbe649e000 	C:\Windows\SYSTEM32\mscms.dll
0x00007ffbe63d0000 - 0x00007ffbe63e1000 	C:\Windows\SYSTEM32\ColorAdapterClient.dll
0x00007ffbec380000 - 0x00007ffbec3ae000 	C:\Windows\SYSTEM32\USERENV.dll
0x00007ffbe1f50000 - 0x00007ffbe1f95000 	C:\Windows\SYSTEM32\icm32.dll
0x00007ffbe19c0000 - 0x00007ffbe1a1e000 	C:\ProgramData\libGDX-temp\lwjgl_DEll\3.3.3+5\x64\lwjgl_opengl.dll
0x00007ffbe36c0000 - 0x00007ffbe37b9000 	C:\Windows\SYSTEM32\textinputframework.dll
0x0000000066b00000 - 0x0000000066b5a000 	C:\ProgramData\libGDX-temp\libgdxDEll\5e84b8da\gdx-box2d64.dll

dbghelp: loaded successfully - version: 4.0.5 - missing functions: none
symbol engine: initialized successfully - sym options: 0x614 - pdb path: .;C:\Program Files\Java\jdk-22\bin;C:\Windows\SYSTEM32;C:\Windows\WinSxS\amd64_microsoft.windows.common-controls_6595b64144ccf1df_6.0.19041.4355_none_60b8b9eb71f62e16;C:\Program Files\Java\jdk-22\bin\server;C:\ProgramData\libGDX-temp\libgdxDEll\2a9d7f76;C:\ProgramData\libGDX-temp\lwjgl_DEll\3.3.3+5\x64;C:\Windows\System32\DriverStore\FileRepository\iigd_dch.inf_amd64_c34fd594e40bf436;C:\ProgramData\libGDX-temp\libgdxDEll\5e84b8da

VM Arguments:
jvm_args: -Dfile.encoding=UTF-8 -Duser.country=US -Duser.language=en -Duser.variant 
java_command: io.github.some_example_name.lwjgl3.Lwjgl3Launcher
java_class_path (initial): C:\Users\DEll\Desktop\libgdx practice\lwjgl3\build\classes\java\main;C:\Users\DEll\Desktop\libgdx practice\lwjgl3\build\resources\main;C:\Users\DEll\.gradle\caches\modules-2\files-2.1\com.badlogicgames.gdx\gdx-backend-lwjgl3\1.12.1\12a144cacb34f0392cd8354f798d99e4836a51a8\gdx-backend-lwjgl3-1.12.1.jar;C:\Users\DEll\.gradle\caches\modules-2\files-2.1\com.badlogicgames.gdx\gdx-box2d-platform\1.12.1\4e82228fcdd2e8a7673fe7952588acfdb33d7820\gdx-box2d-platform-1.12.1-natives-desktop.jar;C:\Users\DEll\.gradle\caches\modules-2\files-2.1\com.badlogicgames.gdx\gdx-platform\1.12.1\5737be5ce3a4e8f9f77c2d9ab95ab479f9c3705f\gdx-platform-1.12.1-natives-desktop.jar;C:\Users\DEll\Desktop\libgdx practice\core\build\libs\core-$projectVersion.jar;C:\Users\DEll\.gradle\caches\modules-2\files-2.1\com.badlogicgames.gdx\gdx-box2d\1.12.1\6c37ed04f97d062f1bdc4afe1f583182e539a269\gdx-box2d-1.12.1.jar;C:\Users\DEll\.gradle\caches\modules-2\files-2.1\com.badlogicgames.gdx\gdx\1.12.1\a2d066c09329c457045c284c42d6f37122840aa\gdx-1.12.1.jar;C:\Users\DEll\.gradle\caches\modules-2\files-2.1\org.lwjgl\lwjgl-glfw\3.3.3\efa1eb78c5ccd840e9f329717109b5e892d72f8e\lwjgl-glfw-3.3.3.jar;C:\Users\DEll\.gradle\caches\modules-2\files-2.1\org.lwjgl\lwjgl-glfw\3.3.3\a03684c5e4b1b1dbbe0d29dbbdc27b985b6840f2\lwjgl-glfw-3.3.3-natives-linux.jar;C:\Users\DEll\.gradle\caches\modules-2\files-2.1\org.lwjgl\lwjgl-glfw\3.3.3\d9af485c32545b37dd5359b163161d42d7534dcf\lwjgl-glfw-3.3.3-natives-linux-arm32.jar;C:\Users\DEll\.gradle\caches\modules-2\files-2.1\org.lwjgl\lwjgl-glfw\3.3.3\492a0f11f85b85899a6568f07511160c1b87cd38\lwjgl-glfw-3.3.3-natives-linux-arm64.jar;C:\Users\DEll\.gradle\caches\modules-2\files-2.1\org.lwjgl\lwjgl-glfw\3.3.3\a1bf400f6bc64e6195596cb1430dafda46090751\lwjgl-glfw-3.3.3-natives-macos.jar;C:\Users\DEll\.gradle\caches\modules-2\files-2.1\org.lwjgl\lwjgl-glfw\3.3.3\ee8cc78d0a4a5b3b4600fade6d927c9fc320c858\lwjgl-glfw-3.3.3-natives-macos-arm64.jar;C:\Users\DEll\.gradle\caches\modules-2\files-2.1\org.lwjgl\lwjgl-glfw\3.3.3\e449e28b4891fc423c54c85fbc5bb0b9efece67a\lwjgl-glfw-3.3.3-natives-windows.jar;C:\Users\DEll\.gradle\caches\modules-2\files-2.1\org.lwjgl\lwjgl-glfw\3.3.3\32334f3fd5270a59bad9939a93115acb6de36dcf\lwjgl-glfw-3.3.3-natives-windows-x86.jar;C:\Users\DEll\.gradle\caches\modules-2\files-2.1\org.lwjgl\lwjgl-jemalloc\3.3.3\b543467b7ff3c6920539a88ee602d34098628be5\lwjgl-jemalloc-3.3.3.jar;C:\Users\DEll\.gradle\caches\modules-2\files-2.1\org.lwjgl\lwjgl-jemalloc\3.3.3\4f86728bf449b1dd61251c4e0ac01df1389cb51e\lwjgl-jemalloc-3.3.3-natives-linux.jar;C:\Users\DEll\.gradle\caches\modules-2\files-2.1\org.lwjgl\lwjgl-jemalloc\3.3.3\109b6931880d02d4e65ced38928a16e41d19873e\lwjgl-jemalloc-3.3.3-natives-linux-arm32.jar;C:\Users\DEll\.gradle\caches\modules-2\files-2.1\org.lwjgl\lwjgl-jemalloc\3.3.3\eff8b86798191192fe2cba2dc2776109f30c239d\lwjgl-jemalloc-3.3.3-natives-linux-arm64.jar;C:\Users\DEll\.gradle\caches\modules-2\files-2.1\org.lwjgl\lwjgl-jemalloc\3.3.3\2906637657a57579847238c9c72d2c4bde7083f8\lwjgl-jemalloc-3.3.3-natives-macos.jar;C:\Users\DEll\.gradle\caches\modules-2\files-2.1\org.lwjgl\lwjgl-jemalloc\3.3.3\e9412c3ff8cb3a3bad1d3f52909ad74d8a5bdad1\lwjgl-jemalloc-3.3.3-natives-macos-arm64.jar;C:\Users\DEll\.gradle\caches\modules-2\files-2.1\org.lwjgl\lwjgl-jemalloc\3.3.3\426222fc027602a5f21b9c0fe79cde6a4c7a011f\lwjgl-jemalloc-3.3.3-natives-windows.jar;C:\Users\DEll\.gradle\caches\modules-2\files-2.1\org.lwjgl\lwjgl-jemalloc\3.3.3\f6063b6e0f23be483c5c88d84ce51b39dc69126c\lwjgl-jemalloc-3.3.3-natives-windows-x86.jar;C:\Users\DEll\.gradle\caches\modules-2\files-2.1\org.lwjgl\lwjgl-openal\3.3.3\daada81ceb5fc0c291fbfdd4433cb8d9423577f2\lwjgl-openal-3.3.3.jar;C:\Users\DEll\.gradle\caches\modules-2\files-2.1\org.lwjgl\lwjgl-openal\3.3.3\3037360cc4595079bea240af250b6d1a527e0905\lwjgl-openal-3.3.3-natives-linux.jar;C:\Users\DEll\.gradle\caches\modules-2\files-2.1\org.lwjgl\lwjgl-openal\3.3.3\e1702aa09d20359d6cf5cb2999fa7685a785eca7\lwjgl-openal-3.3.3-natives-linux-arm32.jar;C:\Users\DEll\.gradle\caches\modules-2\files-2.1\org.lwjgl\lwjgl-openal\3.3.3\ad8f302118a65bb8d615f8a2a680db58fb8f835e\lwjgl-openal-3.3.3-natives-linux-arm64.jar;C:\Users\DEll\.gradle\caches\modules-2\files-2.1\org.lwjgl\lwjgl-openal\3.3.3\8df8338bfa77f2ebabef4e58964bd04d24805cbf\lwjgl-openal-3.3.3-natives-macos.jar;C:\Users\DEll\.gradle\caches\modules-2\files-2.1\org.lwjgl\lwjgl-openal\3.3.3\c78b078de2fb52f45aa55d04db889a560f3544f\lwjgl-openal-3.3.3-natives-macos-arm64.jar;C:\Users\DEll\.gradle\caches\modules-2\files-2.1\org.lwjgl\lwjgl-openal\3.3.3\cf83862ae95d98496b26915024c7e666d8ab1c8f\lwjgl-openal-3.3.3-natives-windows.jar;C:\Users\DEll\.gradle\caches\modules-2\files-2.1\org.lwjgl\lwjgl-openal\3.3.3\87b8d5050e3adb46bb58fe1cb2669a4a48fce10d\lwjgl-openal-3.3.3-natives-windows-x86.jar;C:\Users\DEll\.gradle\caches\modules-2\files-2.1\org.lwjgl\lwjgl-opengl\3.3.3\2f6b0147078396a58979125a4c947664e98293a\lwjgl-opengl-3.3.3.jar;C:\Users\DEll\.gradle\caches\modules-2\files-2.1\org.lwjgl\lwjgl-opengl\3.3.3\62c70a4b00ca5391882b0f4b787c1588d24f1c86\lwjgl-opengl-3.3.3-natives-linux.jar;C:\Users\DEll\.gradle\caches\modules-2\files-2.1\org.lwjgl\lwjgl-opengl\3.3.3\dbba17fc5ac0985d14a57c11f9537617d67b9952\lwjgl-opengl-3.3.3-natives-linux-arm32.jar;C:\Users\DEll\.gradle\caches\modules-2\files-2.1\org.lwjgl\lwjgl-opengl\3.3.3\2096f6b94b2d68745d858fbfe53aacf5f0c8074c\lwjgl-opengl-3.3.3-natives-linux-arm64.jar;C:\Users\DEll\.gradle\caches\modules-2\files-2.1\org.lwjgl\lwjgl-opengl\3.3.3\1bd45997551ae8a28469f3a2b678f4b7289e12c0\lwjgl-opengl-3.3.3-natives-macos.jar;C:\Users\DEll\.gradle\caches\modules-2\files-2.1\org.lwjgl\lwjgl-opengl\3.3.3\d213ddef27637b1af87961ffa94d6b27036becc8\lwjgl-opengl-3.3.3-natives-macos-arm64.jar;C:\Users\DEll\.gradle\caches\modules-2\files-2.1\org.lwjgl\lwjgl-opengl\3.3.3\e6c1eec8be8a71951b830a4d69efc01c6531900c\lwjgl-opengl-3.3.3-natives-windows.jar;C:\Users\DEll\.gradle\caches\modules-2\files-2.1\org.lwjgl\lwjgl-opengl\3.3.3\d32d833dcaa2f355a886eaf21f0408b5f03241d\lwjgl-opengl-3.3.3-natives-windows-x86.jar;C:\Users\DEll\.gradle\caches\modules-2\files-2.1\org.lwjgl\lwjgl-stb\3.3.3\25dd6161988d7e65f71d5065c99902402ee32746\lwjgl-stb-3.3.3.jar;C:\Users\DEll\.gradle\caches\modules-2\files-2.1\org.lwjgl\lwjgl-stb\3.3.3\fd1271ccd9d85eff2fa31f3fd543e02ccfaf5041\lwjgl-stb-3.3.3-natives-linux.jar;C:\Users\DEll\.gradle\caches\modules-2\files-2.1\org.lwjgl\lwjgl-stb\3.3.3\1ae28ff044699ff29b0e980ffabd73fba8a664b3\lwjgl-stb-3.3.3-natives-linux-arm32.jar;C:\Users\DEll\.gradle\caches\modules-2\files-2.1\org.lwjgl\lwjgl-stb\3.3.3\ddc177afc2be1ee8d93684b11363b80589a13fe1\lwjgl-stb-3.3.3-natives-linux-arm64.jar;C:\Users\DEll\.gradle\caches\modules-2\files-2.1\org.lwjgl\lwjgl-stb\3.3.3\472792c98fb2c1557c060cb9da5fca6a9773621f\lwjgl-stb-3.3.3-natives-macos.jar;C:\Users\DEll\.gradle\caches\modules-2\files-2.1\org.lwjgl\lwjgl-stb\3.3.3\51c6955571fbcdb7bb538c6aa589b953b584c6af\lwjgl-stb-3.3.3-natives-macos-arm64.jar;C:\Users\DEll\.gradle\caches\modules-2\files-2.1\org.lwjgl\lwjgl-stb\3.3.3\1d9facdf6541de114b0f963be33505b7679c78cb\lwjgl-stb-3.3.3-natives-windows.jar;C:\Users\DEll\.gradle\caches\modules-2\files-2.1\org.lwjgl\lwjgl-stb\3.3.3\b5c874687b9aac1a936501d4ed2c49567fd1b575\lwjgl-stb-3.3.3-natives-windows-x86.jar;C:\Users\DEll\.gradle\caches\modules-2\files-2.1\org.lwjgl\lwjgl\3.3.3\29589b5f87ed335a6c7e7ee6a5775f81f97ecb84\lwjgl-3.3.3.jar;C:\Users\DEll\.gradle\caches\modules-2\files-2.1\org.lwjgl\lwjgl\3.3.3\1713758e3660ba66e1e954396fd18126038b33c0\lwjgl-3.3.3-natives-linux.jar;C:\Users\DEll\.gradle\caches\modules-2\files-2.1\org.lwjgl\lwjgl\3.3.3\2075c51a80f0ef0f22ba616ba54007ac2b0debd4\lwjgl-3.3.3-natives-linux-arm32.jar;C:\Users\DEll\.gradle\caches\modules-2\files-2.1\org.lwjgl\lwjgl\3.3.3\f35d8b6ffe1ac1e3a5eb1d4e33de80f044ad5fd8\lwjgl-3.3.3-natives-linux-arm64.jar;C:\Users\DEll\.gradle\caches\modules-2\files-2.1\org.lwjgl\lwjgl\3.3.3\33a6efa288390490ce6eb6c3df47ac21ecf648cf\lwjgl-3.3.3-natives-macos.jar;C:\Users\DEll\.gradle\caches\modules-2\files-2.1\org.lwjgl\lwjgl\3.3.3\226246e75f6bd8d4e1895bdce8638ef87808d114\lwjgl-3.3.3-natives-macos-arm64.jar;C:\Users\DEll\.gradle\caches\modules-2\files-2.1\org.lwjgl\lwjgl\3.3.3\a5ed18a2b82fc91b81f40d717cb1f64c9dcb0540\lwjgl-3.3.3-natives-windows.jar;C:\Users\DEll\.gradle\caches\modules-2\files-2.1\org.lwjgl\lwjgl\3.3.3\9e670718e050aeaeea0c2d5b907cffb142f2e58f\lwjgl-3.3.3-natives-windows-x86.jar;C:\Users\DEll\.gradle\caches\modules-2\files-2.1\com.badlogicgames.jlayer\jlayer\1.0.1-gdx\7cca83cec5c1b2f011362f4d85aabd71a73b049d\jlayer-1.0.1-gdx.jar;C:\Users\DEll\.gradle\caches\modules-2\files-2.1\org.jcraft\jorbis\0.0.17\8872d22b293e8f5d7d56ff92be966e6dc28ebdc6\jorbis-0.0.17.jar;C:\Users\DEll\.gradle\caches\modules-2\files-2.1\com.badlogicgames.gdx\gdx-jnigen-loader\2.3.1\2d472f69243631fbcb3d4c3f93dd2e137a6cb084\gdx-jnigen-loader-2.3.1.jar
Launcher Type: SUN_STANDARD

[Global flags]
     intx CICompilerCount                          = 4                                         {product} {ergonomic}
     uint ConcGCThreads                            = 2                                         {product} {ergonomic}
     uint G1ConcRefinementThreads                  = 8                                         {product} {ergonomic}
   size_t G1HeapRegionSize                         = 1048576                                   {product} {ergonomic}
   size_t InitialHeapSize                          = 134217728                                 {product} {ergonomic}
   size_t MarkStackSize                            = 4194304                                   {product} {ergonomic}
   size_t MaxHeapSize                              = 2122317824                                {product} {ergonomic}
   size_t MaxNewSize                               = 1272971264                                {product} {ergonomic}
   size_t MinHeapDeltaBytes                        = 1048576                                   {product} {ergonomic}
   size_t MinHeapSize                              = 8388608                                   {product} {ergonomic}
    uintx NonNMethodCodeHeapSize                   = 5839372                                {pd product} {ergonomic}
    uintx NonProfiledCodeHeapSize                  = 122909434                              {pd product} {ergonomic}
    uintx ProfiledCodeHeapSize                     = 122909434                              {pd product} {ergonomic}
    uintx ReservedCodeCacheSize                    = 251658240                              {pd product} {ergonomic}
     bool SegmentedCodeCache                       = true                                      {product} {ergonomic}
   size_t SoftMaxHeapSize                          = 2122317824                             {manageable} {ergonomic}
     bool UseCompressedOops                        = true                           {product lp64_product} {ergonomic}
     bool UseG1GC                                  = true                                      {product} {ergonomic}
     bool UseLargePagesIndividualAllocation        = false                                  {pd product} {ergonomic}

Logging:
Log output configuration:
 #0: stdout all=warning uptime,level,tags foldmultilines=false
 #1: stderr all=off uptime,level,tags foldmultilines=false

Environment Variables:
PATH=C:\Program Files\Common Files\Oracle\Java\javapath;C:\Windows\system32;C:\Windows;C:\Windows\System32\Wbem;C:\Windows\System32\WindowsPowerShell\v1.0\;C:\Windows\System32\OpenSSH\;C:\Users\DEll\AppData\Local\Microsoft\WindowsApps;C:\Users\DEll\AppData\Local\Programs\Microsoft VS Code\bin;C:\MinGW\bin;C:\MinGW\bin;;C:\Program Files\JetBrains\IntelliJ IDEA Community Edition 2024.2.1\bin;
USERNAME=DEll
OS=Windows_NT
PROCESSOR_IDENTIFIER=Intel64 Family 6 Model 142 Stepping 10, GenuineIntel
TMP=C:\Users\DEll\AppData\Local\Temp
TEMP=C:\Users\DEll\AppData\Local\Temp




Periodic native trim disabled

---------------  S Y S T E M  ---------------

OS:
 Windows 10 , 64 bit Build 19041 (10.0.19041.5072)
OS uptime: 12 days 9:33 hours
Hyper-V role detected

CPU: total 8 (initial active 8) (4 cores per cpu, 2 threads per core) family 6 model 142 stepping 10 microcode 0xf0, cx8, cmov, fxsr, ht, mmx, 3dnowpref, sse, sse2, sse3, ssse3, sse4.1, sse4.2, popcnt, lzcnt, tsc, tscinvbit, avx, avx2, aes, erms, clmul, bmi1, bmi2, adx, fma, vzeroupper, clflush, clflushopt, hv, rdtscp, f16c
Processor Information for all 8 processors :
  Max Mhz: 1800, Current Mhz: 1600, Mhz Limit: 1584

Memory: 4k page, system-wide physical 8089M (1087M free)
TotalPageFile size 12973M (AvailPageFile size 2333M)
current process WorkingSet (physical memory assigned to process): 179M, peak: 210M
current process commit charge ("private bytes"): 305M, peak: 338M

vm_info: Java HotSpot(TM) 64-Bit Server VM (22.0.2+9-70) for windows-amd64 JRE (22.0.2+9-70), built on 2024-06-04T16:52:23Z by "mach5one" with MS VC++ 17.6 (VS2022)

END.
